# JRE version: Java(TM) SE Runtime Environment (8.0_251-b08) (build 1.8.0_251-b08)
# Java VM: Java HotSpot(TM) 64-Bit Server VM (25.251-b08 mixed mode windows-amd64 compressed oops)
Heap:
 PSYoungGen      total 68096K, used 33169K [0x0000000740000000, 0x0000000747c00000, 0x00000007c0000000)
  eden space 62976K, 52% used [0x0000000740000000,0x0000000742064760,0x0000000743d80000)
  from space 5120K, 0% used [0x0000000743d80000,0x0000000743d80000,0x0000000744280000)
  to   space 5120K, 0% used [0x0000000747700000,0x0000000747700000,0x0000000747c00000)
 ParOldGen       total 309760K, used 184662K [0x0000000640000000, 0x0000000652e80000, 0x0000000740000000)
  object space 309760K, 59% used [0x0000000640000000,0x000000064b455ad8,0x0000000652e80000)
 Metaspace       used 13358K, capacity 13584K, committed 13952K, reserved 1060864K
  class space    used 1720K, capacity 1797K, committed 1920K, reserved 1048576K
GC Heap History (10 events):
Event: 0.615 GC heap before
{Heap before GC invocations=1 (full 0):
 PSYoungGen      total 38400K, used 32435K [0x0000000740000000, 0x0000000742a80000, 0x00000007c0000000)
  eden space 33280K, 97% used [0x0000000740000000,0x0000000741facf88,0x0000000742080000)
  from space 5120K, 0% used [0x0000000742580000,0x0000000742580000,0x0000000742a80000)
  to   space 5120K, 0% used [0x0000000742080000,0x0000000742080000,0x0000000742580000)
 ParOldGen       total 87552K, used 81329K [0x0000000640000000, 0x0000000645580000, 0x0000000740000000)
  object space 87552K, 92% used [0x0000000640000000,0x0000000644f6c470,0x0000000645580000)
 Metaspace       used 7774K, capacity 7912K, committed 8192K, reserved 1056768K
  class space    used 877K, capacity 933K, committed 1024K, reserved 1048576K
Event: 0.627 GC heap after
Heap after GC invocations=1 (full 0):
 PSYoungGen      total 38400K, used 1528K [0x0000000740000000, 0x0000000744b00000, 0x00000007c0000000)
  eden space 33280K, 0% used [0x0000000740000000,0x0000000740000000,0x0000000742080000)
  from space 5120K, 29% used [0x0000000742080000,0x00000007421fe2c0,0x0000000742580000)
  to   space 5120K, 0% used [0x0000000744600000,0x0000000744600000,0x0000000744b00000)
 ParOldGen       total 121344K, used 119192K [0x0000000640000000, 0x0000000647680000, 0x0000000740000000)
  object space 121344K, 98% used [0x0000000640000000,0x0000000647466020,0x0000000647680000)
 Metaspace       used 7774K, capacity 7912K, committed 8192K, reserved 1056768K
  class space    used 877K, capacity 933K, committed 1024K, reserved 1048576K
}
Event: 0.627 GC heap before
{Heap before GC invocations=2 (full 1):
 PSYoungGen      total 38400K, used 1528K [0x0000000740000000, 0x0000000744b00000, 0x00000007c0000000)
  eden space 33280K, 0% used [0x0000000740000000,0x0000000740000000,0x0000000742080000)
  from space 5120K, 29% used [0x0000000742080000,0x00000007421fe2c0,0x0000000742580000)
  to   space 5120K, 0% used [0x0000000744600000,0x0000000744600000,0x0000000744b00000)
 ParOldGen       total 121344K, used 119192K [0x0000000640000000, 0x0000000647680000, 0x0000000740000000)
  object space 121344K, 98% used [0x0000000640000000,0x0000000647466020,0x0000000647680000)
 Metaspace       used 7774K, capacity 7912K, committed 8192K, reserved 1056768K
  class space    used 877K, capacity 933K, committed 1024K, reserved 1048576K
Event: 0.642 GC heap after
Heap after GC invocations=2 (full 1):
 PSYoungGen      total 38400K, used 0K [0x0000000740000000, 0x0000000744b00000, 0x00000007c0000000)
  eden space 33280K, 0% used [0x0000000740000000,0x0000000740000000,0x0000000742080000)
  from space 5120K, 0% used [0x0000000742080000,0x0000000742080000,0x0000000742580000)
  to   space 5120K, 0% used [0x0000000744600000,0x0000000744600000,0x0000000744b00000)
 ParOldGen       total 197632K, used 104412K [0x0000000640000000, 0x000000064c100000, 0x0000000740000000)
  object space 197632K, 52% used [0x0000000640000000,0x00000006465f7398,0x000000064c100000)
 Metaspace       used 7774K, capacity 7912K, committed 8192K, reserved 1056768K
  class space    used 877K, capacity 933K, committed 1024K, reserved 1048576K
}
Event: 0.646 GC heap before
{Heap before GC invocations=3 (full 1):
 PSYoungGen      total 38400K, used 28440K [0x0000000740000000, 0x0000000744b00000, 0x00000007c0000000)
  eden space 33280K, 85% used [0x0000000740000000,0x0000000741bc63e8,0x0000000742080000)
  from space 5120K, 0% used [0x0000000742080000,0x0000000742080000,0x0000000742580000)
  to   space 5120K, 0% used [0x0000000744600000,0x0000000744600000,0x0000000744b00000)
 ParOldGen       total 197632K, used 104412K [0x0000000640000000, 0x000000064c100000, 0x0000000740000000)
  object space 197632K, 52% used [0x0000000640000000,0x00000006465f7398,0x000000064c100000)
 Metaspace       used 7775K, capacity 7912K, committed 8192K, reserved 1056768K
  class space    used 877K, capacity 933K, committed 1024K, reserved 1048576K
Event: 0.656 GC heap after
Heap after GC invocations=3 (full 1):
 PSYoungGen      total 64512K, used 0K [0x0000000740000000, 0x0000000744780000, 0x00000007c0000000)
  eden space 62976K, 0% used [0x0000000740000000,0x0000000740000000,0x0000000743d80000)
  from space 1536K, 0% used [0x0000000744600000,0x0000000744600000,0x0000000744780000)
  to   space 5120K, 0% used [0x0000000743d80000,0x0000000743d80000,0x0000000744280000)
 ParOldGen       total 197632K, used 131522K [0x0000000640000000, 0x000000064c100000, 0x0000000740000000)
  object space 197632K, 66% used [0x0000000640000000,0x0000000648070a88,0x000000064c100000)
 Metaspace       used 7775K, capacity 7912K, committed 8192K, reserved 1056768K
  class space    used 877K, capacity 933K, committed 1024K, reserved 1048576K
}
Event: 1.850 GC heap before
{Heap before GC invocations=4 (full 1):
 PSYoungGen      total 64512K, used 62441K [0x0000000740000000, 0x0000000744780000, 0x00000007c0000000)
  eden space 62976K, 99% used [0x0000000740000000,0x0000000743cfa4a0,0x0000000743d80000)
  from space 1536K, 0% used [0x0000000744600000,0x0000000744600000,0x0000000744780000)
  to   space 5120K, 0% used [0x0000000743d80000,0x0000000743d80000,0x0000000744280000)
 ParOldGen       total 197632K, used 131522K [0x0000000640000000, 0x000000064c100000, 0x0000000740000000)
  object space 197632K, 66% used [0x0000000640000000,0x0000000648070a88,0x000000064c100000)
 Metaspace       used 10191K, capacity 10368K, committed 10496K, reserved 1058816K
  class space    used 1188K, capacity 1258K, committed 1280K, reserved 1048576K
Event: 1.876 GC heap after
Heap after GC invocations=4 (full 1):
 PSYoungGen      total 68096K, used 1102K [0x0000000740000000, 0x0000000747c00000, 0x00000007c0000000)
  eden space 62976K, 0% used [0x0000000740000000,0x0000000740000000,0x0000000743d80000)
  from space 5120K, 21% used [0x0000000743d80000,0x0000000743e93a60,0x0000000744280000)
  to   space 5120K, 0% used [0x0000000747700000,0x0000000747700000,0x0000000747c00000)
 ParOldGen       total 197632K, used 183876K [0x0000000640000000, 0x000000064c100000, 0x0000000740000000)
  object space 197632K, 93% used [0x0000000640000000,0x000000064b3913d8,0x000000064c100000)
 Metaspace       used 10191K, capacity 10368K, committed 10496K, reserved 1058816K
  class space    used 1188K, capacity 1258K, committed 1280K, reserved 1048576K
}
Event: 1.876 GC heap before
{Heap before GC invocations=5 (full 2):
 PSYoungGen      total 68096K, used 1102K [0x0000000740000000, 0x0000000747c00000, 0x00000007c0000000)
  eden space 62976K, 0% used [0x0000000740000000,0x0000000740000000,0x0000000743d80000)
  from space 5120K, 21% used [0x0000000743d80000,0x0000000743e93a60,0x0000000744280000)
  to   space 5120K, 0% used [0x0000000747700000,0x0000000747700000,0x0000000747c00000)
 ParOldGen       total 197632K, used 183876K [0x0000000640000000, 0x000000064c100000, 0x0000000740000000)
  object space 197632K, 93% used [0x0000000640000000,0x000000064b3913d8,0x000000064c100000)
 Metaspace       used 10191K, capacity 10368K, committed 10496K, reserved 1058816K
  class space    used 1188K, capacity 1258K, committed 1280K, reserved 1048576K
Event: 1.949 GC heap after
Heap after GC invocations=5 (full 2):
 PSYoungGen      total 68096K, used 0K [0x0000000740000000, 0x0000000747c00000, 0x00000007c0000000)
  eden space 62976K, 0% used [0x0000000740000000,0x0000000740000000,0x0000000743d80000)
  from space 5120K, 0% used [0x0000000743d80000,0x0000000743d80000,0x0000000744280000)
  to   space 5120K, 0% used [0x0000000747700000,0x0000000747700000,0x0000000747c00000)
 ParOldGen       total 309760K, used 184662K [0x0000000640000000, 0x0000000652e80000, 0x0000000740000000)
  object space 309760K, 59% used [0x0000000640000000,0x000000064b455ad8,0x0000000652e80000)
 Metaspace       used 10191K, capacity 10368K, committed 10496K, reserved 1058816K
  class space    used 1188K, capacity 1258K, committed 1280K, reserved 1048576K
}

