# JRE version: Java(TM) SE Runtime Environment (8.0_251-b08) (build 1.8.0_251-b08)
# Java VM: Java HotSpot(TM) 64-Bit Server VM (25.251-b08 mixed mode windows-amd64 compressed oops)
Heap:
 PSYoungGen      total 67584K, used 34141K [0x0000000740000000, 0x0000000747980000, 0x00000007c0000000)
  eden space 62464K, 54% used [0x0000000740000000,0x0000000742157750,0x0000000743d00000)
  from space 5120K, 0% used [0x0000000743d00000,0x0000000743d00000,0x0000000744200000)
  to   space 5120K, 0% used [0x0000000747480000,0x0000000747480000,0x0000000747980000)
 ParOldGen       total 306688K, used 184663K [0x0000000640000000, 0x0000000652b80000, 0x0000000740000000)
  object space 306688K, 60% used [0x0000000640000000,0x000000064b455ee0,0x0000000652b80000)
 Metaspace       used 13352K, capacity 13584K, committed 13952K, reserved 1060864K
  class space    used 1719K, capacity 1797K, committed 1920K, reserved 1048576K
GC Heap History (10 events):
Event: 0.631 GC heap before
{Heap before GC invocations=1 (full 0):
 PSYoungGen      total 38400K, used 32435K [0x0000000740000000, 0x0000000742a80000, 0x00000007c0000000)
  eden space 33280K, 97% used [0x0000000740000000,0x0000000741facc90,0x0000000742080000)
  from space 5120K, 0% used [0x0000000742580000,0x0000000742580000,0x0000000742a80000)
  to   space 5120K, 0% used [0x0000000742080000,0x0000000742080000,0x0000000742580000)
 ParOldGen       total 87552K, used 81329K [0x0000000640000000, 0x0000000645580000, 0x0000000740000000)
  object space 87552K, 92% used [0x0000000640000000,0x0000000644f6c470,0x0000000645580000)
 Metaspace       used 7758K, capacity 7912K, committed 8192K, reserved 1056768K
  class space    used 877K, capacity 933K, committed 1024K, reserved 1048576K
Event: 0.652 GC heap after
Heap after GC invocations=1 (full 0):
 PSYoungGen      total 38400K, used 1544K [0x0000000740000000, 0x0000000744b00000, 0x00000007c0000000)
  eden space 33280K, 0% used [0x0000000740000000,0x0000000740000000,0x0000000742080000)
  from space 5120K, 30% used [0x0000000742080000,0x00000007422022b0,0x0000000742580000)
  to   space 5120K, 0% used [0x0000000744600000,0x0000000744600000,0x0000000744b00000)
 ParOldGen       total 121344K, used 119192K [0x0000000640000000, 0x0000000647680000, 0x0000000740000000)
  object space 121344K, 98% used [0x0000000640000000,0x0000000647466020,0x0000000647680000)
 Metaspace       used 7758K, capacity 7912K, committed 8192K, reserved 1056768K
  class space    used 877K, capacity 933K, committed 1024K, reserved 1048576K
}
Event: 0.652 GC heap before
{Heap before GC invocations=2 (full 1):
 PSYoungGen      total 38400K, used 1544K [0x0000000740000000, 0x0000000744b00000, 0x00000007c0000000)
  eden space 33280K, 0% used [0x0000000740000000,0x0000000740000000,0x0000000742080000)
  from space 5120K, 30% used [0x0000000742080000,0x00000007422022b0,0x0000000742580000)
  to   space 5120K, 0% used [0x0000000744600000,0x0000000744600000,0x0000000744b00000)
 ParOldGen       total 121344K, used 119192K [0x0000000640000000, 0x0000000647680000, 0x0000000740000000)
  object space 121344K, 98% used [0x0000000640000000,0x0000000647466020,0x0000000647680000)
 Metaspace       used 7758K, capacity 7912K, committed 8192K, reserved 1056768K
  class space    used 877K, capacity 933K, committed 1024K, reserved 1048576K
Event: 0.670 GC heap after
Heap after GC invocations=2 (full 1):
 PSYoungGen      total 38400K, used 0K [0x0000000740000000, 0x0000000744b00000, 0x00000007c0000000)
  eden space 33280K, 0% used [0x0000000740000000,0x0000000740000000,0x0000000742080000)
  from space 5120K, 0% used [0x0000000742080000,0x0000000742080000,0x0000000742580000)
  to   space 5120K, 0% used [0x0000000744600000,0x0000000744600000,0x0000000744b00000)
 ParOldGen       total 194560K, used 104413K [0x0000000640000000, 0x000000064be00000, 0x0000000740000000)
  object space 194560K, 53% used [0x0000000640000000,0x00000006465f7490,0x000000064be00000)
 Metaspace       used 7758K, capacity 7912K, committed 8192K, reserved 1056768K
  class space    used 877K, capacity 933K, committed 1024K, reserved 1048576K
}
Event: 0.674 GC heap before
{Heap before GC invocations=3 (full 1):
 PSYoungGen      total 38400K, used 28440K [0x0000000740000000, 0x0000000744b00000, 0x00000007c0000000)
  eden space 33280K, 85% used [0x0000000740000000,0x0000000741bc63e8,0x0000000742080000)
  from space 5120K, 0% used [0x0000000742080000,0x0000000742080000,0x0000000742580000)
  to   space 5120K, 0% used [0x0000000744600000,0x0000000744600000,0x0000000744b00000)
 ParOldGen       total 194560K, used 104413K [0x0000000640000000, 0x000000064be00000, 0x0000000740000000)
  object space 194560K, 53% used [0x0000000640000000,0x00000006465f7490,0x000000064be00000)
 Metaspace       used 7758K, capacity 7912K, committed 8192K, reserved 1056768K
  class space    used 877K, capacity 933K, committed 1024K, reserved 1048576K
Event: 0.685 GC heap after
Heap after GC invocations=3 (full 1):
 PSYoungGen      total 63488K, used 0K [0x0000000740000000, 0x0000000744700000, 0x00000007c0000000)
  eden space 62464K, 0% used [0x0000000740000000,0x0000000740000000,0x0000000743d00000)
  from space 1024K, 0% used [0x0000000744600000,0x0000000744600000,0x0000000744700000)
  to   space 5120K, 0% used [0x0000000743d00000,0x0000000743d00000,0x0000000744200000)
 ParOldGen       total 194560K, used 131522K [0x0000000640000000, 0x000000064be00000, 0x0000000740000000)
  object space 194560K, 67% used [0x0000000640000000,0x0000000648070b80,0x000000064be00000)
 Metaspace       used 7758K, capacity 7912K, committed 8192K, reserved 1056768K
  class space    used 877K, capacity 933K, committed 1024K, reserved 1048576K
}
Event: 1.917 GC heap before
{Heap before GC invocations=4 (full 1):
 PSYoungGen      total 63488K, used 61713K [0x0000000740000000, 0x0000000744700000, 0x00000007c0000000)
  eden space 62464K, 98% used [0x0000000740000000,0x0000000743c446f0,0x0000000743d00000)
  from space 1024K, 0% used [0x0000000744600000,0x0000000744600000,0x0000000744700000)
  to   space 5120K, 0% used [0x0000000743d00000,0x0000000743d00000,0x0000000744200000)
 ParOldGen       total 194560K, used 131522K [0x0000000640000000, 0x000000064be00000, 0x0000000740000000)
  object space 194560K, 67% used [0x0000000640000000,0x0000000648070b80,0x000000064be00000)
 Metaspace       used 10159K, capacity 10368K, committed 10496K, reserved 1058816K
  class space    used 1182K, capacity 1258K, committed 1280K, reserved 1048576K
Event: 1.946 GC heap after
Heap after GC invocations=4 (full 1):
 PSYoungGen      total 67584K, used 1006K [0x0000000740000000, 0x0000000747980000, 0x00000007c0000000)
  eden space 62464K, 0% used [0x0000000740000000,0x0000000740000000,0x0000000743d00000)
  from space 5120K, 19% used [0x0000000743d00000,0x0000000743dfba60,0x0000000744200000)
  to   space 5120K, 0% used [0x0000000747480000,0x0000000747480000,0x0000000747980000)
 ParOldGen       total 194560K, used 183877K [0x0000000640000000, 0x000000064be00000, 0x0000000740000000)
  object space 194560K, 94% used [0x0000000640000000,0x000000064b3914d0,0x000000064be00000)
 Metaspace       used 10159K, capacity 10368K, committed 10496K, reserved 1058816K
  class space    used 1182K, capacity 1258K, committed 1280K, reserved 1048576K
}
Event: 1.946 GC heap before
{Heap before GC invocations=5 (full 2):
 PSYoungGen      total 67584K, used 1006K [0x0000000740000000, 0x0000000747980000, 0x00000007c0000000)
  eden space 62464K, 0% used [0x0000000740000000,0x0000000740000000,0x0000000743d00000)
  from space 5120K, 19% used [0x0000000743d00000,0x0000000743dfba60,0x0000000744200000)
  to   space 5120K, 0% used [0x0000000747480000,0x0000000747480000,0x0000000747980000)
 ParOldGen       total 194560K, used 183877K [0x0000000640000000, 0x000000064be00000, 0x0000000740000000)
  object space 194560K, 94% used [0x0000000640000000,0x000000064b3914d0,0x000000064be00000)
 Metaspace       used 10159K, capacity 10368K, committed 10496K, reserved 1058816K
  class space    used 1182K, capacity 1258K, committed 1280K, reserved 1048576K
Event: 2.021 GC heap after
Heap after GC invocations=5 (full 2):
 PSYoungGen      total 67584K, used 0K [0x0000000740000000, 0x0000000747980000, 0x00000007c0000000)
  eden space 62464K, 0% used [0x0000000740000000,0x0000000740000000,0x0000000743d00000)
  from space 5120K, 0% used [0x0000000743d00000,0x0000000743d00000,0x0000000744200000)
  to   space 5120K, 0% used [0x0000000747480000,0x0000000747480000,0x0000000747980000)
 ParOldGen       total 306688K, used 184663K [0x0000000640000000, 0x0000000652b80000, 0x0000000740000000)
  object space 306688K, 60% used [0x0000000640000000,0x000000064b455ee0,0x0000000652b80000)
 Metaspace       used 10159K, capacity 10368K, committed 10496K, reserved 1058816K
  class space    used 1182K, capacity 1258K, committed 1280K, reserved 1048576K
}

