# JRE version: Java(TM) SE Runtime Environment (8.0_251-b08) (build 1.8.0_251-b08)
# Java VM: Java HotSpot(TM) 64-Bit Server VM (25.251-b08 mixed mode windows-amd64 compressed oops)
Heap:
 PSYoungGen      total 67072K, used 33226K [0x0000000740000000, 0x0000000747800000, 0x00000007c0000000)
  eden space 61952K, 53% used [0x0000000740000000,0x00000007420729a8,0x0000000743c80000)
  from space 5120K, 0% used [0x0000000743c80000,0x0000000743c80000,0x0000000744180000)
  to   space 5120K, 0% used [0x0000000747300000,0x0000000747300000,0x0000000747800000)
 ParOldGen       total 310272K, used 184663K [0x0000000640000000, 0x0000000652f00000, 0x0000000740000000)
  object space 310272K, 59% used [0x0000000640000000,0x000000064b455f50,0x0000000652f00000)
 Metaspace       used 13334K, capacity 13584K, committed 13952K, reserved 1060864K
  class space    used 1720K, capacity 1797K, committed 1920K, reserved 1048576K
GC Heap History (10 events):
Event: 0.521 GC heap before
{Heap before GC invocations=1 (full 0):
 PSYoungGen      total 38400K, used 32435K [0x0000000740000000, 0x0000000742a80000, 0x00000007c0000000)
  eden space 33280K, 97% used [0x0000000740000000,0x0000000741facf88,0x0000000742080000)
  from space 5120K, 0% used [0x0000000742580000,0x0000000742580000,0x0000000742a80000)
  to   space 5120K, 0% used [0x0000000742080000,0x0000000742080000,0x0000000742580000)
 ParOldGen       total 87552K, used 81329K [0x0000000640000000, 0x0000000645580000, 0x0000000740000000)
  object space 87552K, 92% used [0x0000000640000000,0x0000000644f6c470,0x0000000645580000)
 Metaspace       used 7758K, capacity 7912K, committed 8192K, reserved 1056768K
  class space    used 877K, capacity 933K, committed 1024K, reserved 1048576K
Event: 0.533 GC heap after
Heap after GC invocations=1 (full 0):
 PSYoungGen      total 38400K, used 1576K [0x0000000740000000, 0x0000000744b00000, 0x00000007c0000000)
  eden space 33280K, 0% used [0x0000000740000000,0x0000000740000000,0x0000000742080000)
  from space 5120K, 30% used [0x0000000742080000,0x000000074220a2b0,0x0000000742580000)
  to   space 5120K, 0% used [0x0000000744600000,0x0000000744600000,0x0000000744b00000)
 ParOldGen       total 121344K, used 119192K [0x0000000640000000, 0x0000000647680000, 0x0000000740000000)
  object space 121344K, 98% used [0x0000000640000000,0x0000000647466020,0x0000000647680000)
 Metaspace       used 7758K, capacity 7912K, committed 8192K, reserved 1056768K
  class space    used 877K, capacity 933K, committed 1024K, reserved 1048576K
}
Event: 0.533 GC heap before
{Heap before GC invocations=2 (full 1):
 PSYoungGen      total 38400K, used 1576K [0x0000000740000000, 0x0000000744b00000, 0x00000007c0000000)
  eden space 33280K, 0% used [0x0000000740000000,0x0000000740000000,0x0000000742080000)
  from space 5120K, 30% used [0x0000000742080000,0x000000074220a2b0,0x0000000742580000)
  to   space 5120K, 0% used [0x0000000744600000,0x0000000744600000,0x0000000744b00000)
 ParOldGen       total 121344K, used 119192K [0x0000000640000000, 0x0000000647680000, 0x0000000740000000)
  object space 121344K, 98% used [0x0000000640000000,0x0000000647466020,0x0000000647680000)
 Metaspace       used 7758K, capacity 7912K, committed 8192K, reserved 1056768K
  class space    used 877K, capacity 933K, committed 1024K, reserved 1048576K
Event: 0.549 GC heap after
Heap after GC invocations=2 (full 1):
 PSYoungGen      total 38400K, used 0K [0x0000000740000000, 0x0000000744b00000, 0x00000007c0000000)
  eden space 33280K, 0% used [0x0000000740000000,0x0000000740000000,0x0000000742080000)
  from space 5120K, 0% used [0x0000000742080000,0x0000000742080000,0x0000000742580000)
  to   space 5120K, 0% used [0x0000000744600000,0x0000000744600000,0x0000000744b00000)
 ParOldGen       total 197632K, used 104414K [0x0000000640000000, 0x000000064c100000, 0x0000000740000000)
  object space 197632K, 52% used [0x0000000640000000,0x00000006465f78b0,0x000000064c100000)
 Metaspace       used 7758K, capacity 7912K, committed 8192K, reserved 1056768K
  class space    used 877K, capacity 933K, committed 1024K, reserved 1048576K
}
Event: 0.552 GC heap before
{Heap before GC invocations=3 (full 1):
 PSYoungGen      total 38400K, used 28440K [0x0000000740000000, 0x0000000744b00000, 0x00000007c0000000)
  eden space 33280K, 85% used [0x0000000740000000,0x0000000741bc63e8,0x0000000742080000)
  from space 5120K, 0% used [0x0000000742080000,0x0000000742080000,0x0000000742580000)
  to   space 5120K, 0% used [0x0000000744600000,0x0000000744600000,0x0000000744b00000)
 ParOldGen       total 197632K, used 104414K [0x0000000640000000, 0x000000064c100000, 0x0000000740000000)
  object space 197632K, 52% used [0x0000000640000000,0x00000006465f78b0,0x000000064c100000)
 Metaspace       used 7758K, capacity 7912K, committed 8192K, reserved 1056768K
  class space    used 877K, capacity 933K, committed 1024K, reserved 1048576K
Event: 0.562 GC heap after
Heap after GC invocations=3 (full 1):
 PSYoungGen      total 62464K, used 0K [0x0000000740000000, 0x0000000744680000, 0x00000007c0000000)
  eden space 61952K, 0% used [0x0000000740000000,0x0000000740000000,0x0000000743c80000)
  from space 512K, 0% used [0x0000000744600000,0x0000000744600000,0x0000000744680000)
  to   space 5120K, 0% used [0x0000000743c80000,0x0000000743c80000,0x0000000744180000)
 ParOldGen       total 197632K, used 131523K [0x0000000640000000, 0x000000064c100000, 0x0000000740000000)
  object space 197632K, 66% used [0x0000000640000000,0x0000000648070fa0,0x000000064c100000)
 Metaspace       used 7758K, capacity 7912K, committed 8192K, reserved 1056768K
  class space    used 877K, capacity 933K, committed 1024K, reserved 1048576K
}
Event: 1.756 GC heap before
{Heap before GC invocations=4 (full 1):
 PSYoungGen      total 62464K, used 61952K [0x0000000740000000, 0x0000000744680000, 0x00000007c0000000)
  eden space 61952K, 100% used [0x0000000740000000,0x0000000743c80000,0x0000000743c80000)
  from space 512K, 0% used [0x0000000744600000,0x0000000744600000,0x0000000744680000)
  to   space 5120K, 0% used [0x0000000743c80000,0x0000000743c80000,0x0000000744180000)
 ParOldGen       total 197632K, used 131523K [0x0000000640000000, 0x000000064c100000, 0x0000000740000000)
  object space 197632K, 66% used [0x0000000640000000,0x0000000648070fa0,0x000000064c100000)
 Metaspace       used 10180K, capacity 10368K, committed 10496K, reserved 1058816K
  class space    used 1188K, capacity 1258K, committed 1280K, reserved 1048576K
Event: 1.779 GC heap after
Heap after GC invocations=4 (full 1):
 PSYoungGen      total 67072K, used 1055K [0x0000000740000000, 0x0000000747800000, 0x00000007c0000000)
  eden space 61952K, 0% used [0x0000000740000000,0x0000000740000000,0x0000000743c80000)
  from space 5120K, 20% used [0x0000000743c80000,0x0000000743d87ce0,0x0000000744180000)
  to   space 5120K, 0% used [0x0000000747300000,0x0000000747300000,0x0000000747800000)
 ParOldGen       total 197632K, used 183878K [0x0000000640000000, 0x000000064c100000, 0x0000000740000000)
  object space 197632K, 93% used [0x0000000640000000,0x000000064b3918f0,0x000000064c100000)
 Metaspace       used 10180K, capacity 10368K, committed 10496K, reserved 1058816K
  class space    used 1188K, capacity 1258K, committed 1280K, reserved 1048576K
}
Event: 1.779 GC heap before
{Heap before GC invocations=5 (full 2):
 PSYoungGen      total 67072K, used 1055K [0x0000000740000000, 0x0000000747800000, 0x00000007c0000000)
  eden space 61952K, 0% used [0x0000000740000000,0x0000000740000000,0x0000000743c80000)
  from space 5120K, 20% used [0x0000000743c80000,0x0000000743d87ce0,0x0000000744180000)
  to   space 5120K, 0% used [0x0000000747300000,0x0000000747300000,0x0000000747800000)
 ParOldGen       total 197632K, used 183878K [0x0000000640000000, 0x000000064c100000, 0x0000000740000000)
  object space 197632K, 93% used [0x0000000640000000,0x000000064b3918f0,0x000000064c100000)
 Metaspace       used 10180K, capacity 10368K, committed 10496K, reserved 1058816K
  class space    used 1188K, capacity 1258K, committed 1280K, reserved 1048576K
Event: 1.843 GC heap after
Heap after GC invocations=5 (full 2):
 PSYoungGen      total 67072K, used 0K [0x0000000740000000, 0x0000000747800000, 0x00000007c0000000)
  eden space 61952K, 0% used [0x0000000740000000,0x0000000740000000,0x0000000743c80000)
  from space 5120K, 0% used [0x0000000743c80000,0x0000000743c80000,0x0000000744180000)
  to   space 5120K, 0% used [0x0000000747300000,0x0000000747300000,0x0000000747800000)
 ParOldGen       total 310272K, used 184663K [0x0000000640000000, 0x0000000652f00000, 0x0000000740000000)
  object space 310272K, 59% used [0x0000000640000000,0x000000064b455f50,0x0000000652f00000)
 Metaspace       used 10180K, capacity 10368K, committed 10496K, reserved 1058816K
  class space    used 1188K, capacity 1258K, committed 1280K, reserved 1048576K
}

