# JRE version: Java(TM) SE Runtime Environment (8.0_251-b08) (build 1.8.0_251-b08)
# Java VM: Java HotSpot(TM) 64-Bit Server VM (25.251-b08 mixed mode windows-amd64 compressed oops)
Heap:
 PSYoungGen      total 67072K, used 33234K [0x0000000740000000, 0x0000000747780000, 0x00000007c0000000)
  eden space 61952K, 53% used [0x0000000740000000,0x0000000742074a68,0x0000000743c80000)
  from space 5120K, 0% used [0x0000000743c80000,0x0000000743c80000,0x0000000744180000)
  to   space 5120K, 0% used [0x0000000747280000,0x0000000747280000,0x0000000747780000)
 ParOldGen       total 316928K, used 184662K [0x0000000640000000, 0x0000000653580000, 0x0000000740000000)
  object space 316928K, 58% used [0x0000000640000000,0x000000064b455890,0x0000000653580000)
 Metaspace       used 13359K, capacity 13584K, committed 13952K, reserved 1060864K
  class space    used 1717K, capacity 1797K, committed 1920K, reserved 1048576K
GC Heap History (10 events):
Event: 0.554 GC heap before
{Heap before GC invocations=1 (full 0):
 PSYoungGen      total 38400K, used 32435K [0x0000000740000000, 0x0000000742a80000, 0x00000007c0000000)
  eden space 33280K, 97% used [0x0000000740000000,0x0000000741facf88,0x0000000742080000)
  from space 5120K, 0% used [0x0000000742580000,0x0000000742580000,0x0000000742a80000)
  to   space 5120K, 0% used [0x0000000742080000,0x0000000742080000,0x0000000742580000)
 ParOldGen       total 87552K, used 81329K [0x0000000640000000, 0x0000000645580000, 0x0000000740000000)
  object space 87552K, 92% used [0x0000000640000000,0x0000000644f6c470,0x0000000645580000)
 Metaspace       used 7771K, capacity 7912K, committed 8192K, reserved 1056768K
  class space    used 877K, capacity 933K, committed 1024K, reserved 1048576K
Event: 0.564 GC heap after
Heap after GC invocations=1 (full 0):
 PSYoungGen      total 38400K, used 5094K [0x0000000740000000, 0x0000000744b00000, 0x00000007c0000000)
  eden space 33280K, 0% used [0x0000000740000000,0x0000000740000000,0x0000000742080000)
  from space 5120K, 99% used [0x0000000742080000,0x0000000742579930,0x0000000742580000)
  to   space 5120K, 0% used [0x0000000744600000,0x0000000744600000,0x0000000744b00000)
 ParOldGen       total 121344K, used 115650K [0x0000000640000000, 0x0000000647680000, 0x0000000740000000)
  object space 121344K, 95% used [0x0000000640000000,0x00000006470f0a70,0x0000000647680000)
 Metaspace       used 7771K, capacity 7912K, committed 8192K, reserved 1056768K
  class space    used 877K, capacity 933K, committed 1024K, reserved 1048576K
}
Event: 0.564 GC heap before
{Heap before GC invocations=2 (full 1):
 PSYoungGen      total 38400K, used 5094K [0x0000000740000000, 0x0000000744b00000, 0x00000007c0000000)
  eden space 33280K, 0% used [0x0000000740000000,0x0000000740000000,0x0000000742080000)
  from space 5120K, 99% used [0x0000000742080000,0x0000000742579930,0x0000000742580000)
  to   space 5120K, 0% used [0x0000000744600000,0x0000000744600000,0x0000000744b00000)
 ParOldGen       total 121344K, used 115650K [0x0000000640000000, 0x0000000647680000, 0x0000000740000000)
  object space 121344K, 95% used [0x0000000640000000,0x00000006470f0a70,0x0000000647680000)
 Metaspace       used 7771K, capacity 7912K, committed 8192K, reserved 1056768K
  class space    used 877K, capacity 933K, committed 1024K, reserved 1048576K
Event: 0.580 GC heap after
Heap after GC invocations=2 (full 1):
 PSYoungGen      total 38400K, used 0K [0x0000000740000000, 0x0000000744b00000, 0x00000007c0000000)
  eden space 33280K, 0% used [0x0000000740000000,0x0000000740000000,0x0000000742080000)
  from space 5120K, 0% used [0x0000000742080000,0x0000000742080000,0x0000000742580000)
  to   space 5120K, 0% used [0x0000000744600000,0x0000000744600000,0x0000000744b00000)
 ParOldGen       total 196096K, used 104421K [0x0000000640000000, 0x000000064bf80000, 0x0000000740000000)
  object space 196096K, 53% used [0x0000000640000000,0x00000006465f9778,0x000000064bf80000)
 Metaspace       used 7771K, capacity 7912K, committed 8192K, reserved 1056768K
  class space    used 877K, capacity 933K, committed 1024K, reserved 1048576K
}
Event: 0.582 GC heap before
{Heap before GC invocations=3 (full 1):
 PSYoungGen      total 38400K, used 28440K [0x0000000740000000, 0x0000000744b00000, 0x00000007c0000000)
  eden space 33280K, 85% used [0x0000000740000000,0x0000000741bc63e8,0x0000000742080000)
  from space 5120K, 0% used [0x0000000742080000,0x0000000742080000,0x0000000742580000)
  to   space 5120K, 0% used [0x0000000744600000,0x0000000744600000,0x0000000744b00000)
 ParOldGen       total 196096K, used 104421K [0x0000000640000000, 0x000000064bf80000, 0x0000000740000000)
  object space 196096K, 53% used [0x0000000640000000,0x00000006465f9778,0x000000064bf80000)
 Metaspace       used 7772K, capacity 7912K, committed 8192K, reserved 1056768K
  class space    used 877K, capacity 933K, committed 1024K, reserved 1048576K
Event: 0.590 GC heap after
Heap after GC invocations=3 (full 1):
 PSYoungGen      total 62464K, used 0K [0x0000000740000000, 0x0000000744680000, 0x00000007c0000000)
  eden space 61952K, 0% used [0x0000000740000000,0x0000000740000000,0x0000000743c80000)
  from space 512K, 0% used [0x0000000744600000,0x0000000744600000,0x0000000744680000)
  to   space 5120K, 0% used [0x0000000743c80000,0x0000000743c80000,0x0000000744180000)
 ParOldGen       total 196096K, used 131531K [0x0000000640000000, 0x000000064bf80000, 0x0000000740000000)
  object space 196096K, 67% used [0x0000000640000000,0x0000000648072e68,0x000000064bf80000)
 Metaspace       used 7772K, capacity 7912K, committed 8192K, reserved 1056768K
  class space    used 877K, capacity 933K, committed 1024K, reserved 1048576K
}
Event: 1.321 GC heap before
{Heap before GC invocations=4 (full 1):
 PSYoungGen      total 62464K, used 61017K [0x0000000740000000, 0x0000000744680000, 0x00000007c0000000)
  eden space 61952K, 98% used [0x0000000740000000,0x0000000743b964f0,0x0000000743c80000)
  from space 512K, 0% used [0x0000000744600000,0x0000000744600000,0x0000000744680000)
  to   space 5120K, 0% used [0x0000000743c80000,0x0000000743c80000,0x0000000744180000)
 ParOldGen       total 196096K, used 131531K [0x0000000640000000, 0x000000064bf80000, 0x0000000740000000)
  object space 196096K, 67% used [0x0000000640000000,0x0000000648072e68,0x000000064bf80000)
 Metaspace       used 10192K, capacity 10368K, committed 10496K, reserved 1058816K
  class space    used 1187K, capacity 1258K, committed 1280K, reserved 1048576K
Event: 1.350 GC heap after
Heap after GC invocations=4 (full 1):
 PSYoungGen      total 67072K, used 1038K [0x0000000740000000, 0x0000000747780000, 0x00000007c0000000)
  eden space 61952K, 0% used [0x0000000740000000,0x0000000740000000,0x0000000743c80000)
  from space 5120K, 20% used [0x0000000743c80000,0x0000000743d83a60,0x0000000744180000)
  to   space 5120K, 0% used [0x0000000747280000,0x0000000747280000,0x0000000747780000)
 ParOldGen       total 196096K, used 183885K [0x0000000640000000, 0x000000064bf80000, 0x0000000740000000)
  object space 196096K, 93% used [0x0000000640000000,0x000000064b3937b8,0x000000064bf80000)
 Metaspace       used 10192K, capacity 10368K, committed 10496K, reserved 1058816K
  class space    used 1187K, capacity 1258K, committed 1280K, reserved 1048576K
}
Event: 1.350 GC heap before
{Heap before GC invocations=5 (full 2):
 PSYoungGen      total 67072K, used 1038K [0x0000000740000000, 0x0000000747780000, 0x00000007c0000000)
  eden space 61952K, 0% used [0x0000000740000000,0x0000000740000000,0x0000000743c80000)
  from space 5120K, 20% used [0x0000000743c80000,0x0000000743d83a60,0x0000000744180000)
  to   space 5120K, 0% used [0x0000000747280000,0x0000000747280000,0x0000000747780000)
 ParOldGen       total 196096K, used 183885K [0x0000000640000000, 0x000000064bf80000, 0x0000000740000000)
  object space 196096K, 93% used [0x0000000640000000,0x000000064b3937b8,0x000000064bf80000)
 Metaspace       used 10192K, capacity 10368K, committed 10496K, reserved 1058816K
  class space    used 1187K, capacity 1258K, committed 1280K, reserved 1048576K
Event: 1.433 GC heap after
Heap after GC invocations=5 (full 2):
 PSYoungGen      total 67072K, used 0K [0x0000000740000000, 0x0000000747780000, 0x00000007c0000000)
  eden space 61952K, 0% used [0x0000000740000000,0x0000000740000000,0x0000000743c80000)
  from space 5120K, 0% used [0x0000000743c80000,0x0000000743c80000,0x0000000744180000)
  to   space 5120K, 0% used [0x0000000747280000,0x0000000747280000,0x0000000747780000)
 ParOldGen       total 316928K, used 184662K [0x0000000640000000, 0x0000000653580000, 0x0000000740000000)
  object space 316928K, 58% used [0x0000000640000000,0x000000064b455890,0x0000000653580000)
 Metaspace       used 10192K, capacity 10368K, committed 10496K, reserved 1058816K
  class space    used 1187K, capacity 1258K, committed 1280K, reserved 1048576K
}

