# JRE version: Java(TM) SE Runtime Environment (8.0_251-b08) (build 1.8.0_251-b08)
# Java VM: Java HotSpot(TM) 64-Bit Server VM (25.251-b08 mixed mode windows-amd64 compressed oops)
Heap:
 PSYoungGen      total 67072K, used 53326K [0x0000000740000000, 0x0000000746680000, 0x00000007c0000000)
  eden space 61952K, 86% used [0x0000000740000000,0x0000000743413890,0x0000000743c80000)
  from space 5120K, 0% used [0x0000000743c80000,0x0000000743c80000,0x0000000744180000)
  to   space 5120K, 0% used [0x0000000746180000,0x0000000746180000,0x0000000746680000)
 ParOldGen       total 296960K, used 169610K [0x0000000640000000, 0x0000000652200000, 0x0000000740000000)
  object space 296960K, 57% used [0x0000000640000000,0x000000064a5a29f0,0x0000000652200000)
 Metaspace       used 13399K, capacity 13602K, committed 13952K, reserved 1060864K
  class space    used 1721K, capacity 1800K, committed 1920K, reserved 1048576K
GC Heap History (10 events):
Event: 0.521 GC heap before
{Heap before GC invocations=1 (full 0):
 PSYoungGen      total 38400K, used 26760K [0x0000000740000000, 0x0000000742a80000, 0x00000007c0000000)
  eden space 33280K, 80% used [0x0000000740000000,0x0000000741a22340,0x0000000742080000)
  from space 5120K, 0% used [0x0000000742580000,0x0000000742580000,0x0000000742a80000)
  to   space 5120K, 0% used [0x0000000742080000,0x0000000742080000,0x0000000742580000)
 ParOldGen       total 87552K, used 81329K [0x0000000640000000, 0x0000000645580000, 0x0000000740000000)
  object space 87552K, 92% used [0x0000000640000000,0x0000000644f6c470,0x0000000645580000)
 Metaspace       used 7782K, capacity 7912K, committed 8192K, reserved 1056768K
  class space    used 877K, capacity 933K, committed 1024K, reserved 1048576K
Event: 0.531 GC heap after
Heap after GC invocations=1 (full 0):
 PSYoungGen      total 38400K, used 3032K [0x0000000740000000, 0x0000000744b00000, 0x00000007c0000000)
  eden space 33280K, 0% used [0x0000000740000000,0x0000000740000000,0x0000000742080000)
  from space 5120K, 59% used [0x0000000742080000,0x00000007423762d0,0x0000000742580000)
  to   space 5120K, 0% used [0x0000000744600000,0x0000000744600000,0x0000000744b00000)
 ParOldGen       total 112128K, used 110155K [0x0000000640000000, 0x0000000646d80000, 0x0000000740000000)
  object space 112128K, 98% used [0x0000000640000000,0x0000000646b92dd0,0x0000000646d80000)
 Metaspace       used 7782K, capacity 7912K, committed 8192K, reserved 1056768K
  class space    used 877K, capacity 933K, committed 1024K, reserved 1048576K
}
Event: 0.531 GC heap before
{Heap before GC invocations=2 (full 1):
 PSYoungGen      total 38400K, used 3032K [0x0000000740000000, 0x0000000744b00000, 0x00000007c0000000)
  eden space 33280K, 0% used [0x0000000740000000,0x0000000740000000,0x0000000742080000)
  from space 5120K, 59% used [0x0000000742080000,0x00000007423762d0,0x0000000742580000)
  to   space 5120K, 0% used [0x0000000744600000,0x0000000744600000,0x0000000744b00000)
 ParOldGen       total 112128K, used 110155K [0x0000000640000000, 0x0000000646d80000, 0x0000000740000000)
  object space 112128K, 98% used [0x0000000640000000,0x0000000646b92dd0,0x0000000646d80000)
 Metaspace       used 7782K, capacity 7912K, committed 8192K, reserved 1056768K
  class space    used 877K, capacity 933K, committed 1024K, reserved 1048576K
Event: 0.555 GC heap after
Heap after GC invocations=2 (full 1):
 PSYoungGen      total 38400K, used 0K [0x0000000740000000, 0x0000000744b00000, 0x00000007c0000000)
  eden space 33280K, 0% used [0x0000000740000000,0x0000000740000000,0x0000000742080000)
  from space 5120K, 0% used [0x0000000742080000,0x0000000742080000,0x0000000742580000)
  to   space 5120K, 0% used [0x0000000744600000,0x0000000744600000,0x0000000744b00000)
 ParOldGen       total 186368K, used 96814K [0x0000000640000000, 0x000000064b600000, 0x0000000740000000)
  object space 186368K, 51% used [0x0000000640000000,0x0000000645e8bb20,0x000000064b600000)
 Metaspace       used 7782K, capacity 7912K, committed 8192K, reserved 1056768K
  class space    used 877K, capacity 933K, committed 1024K, reserved 1048576K
}
Event: 0.559 GC heap before
{Heap before GC invocations=3 (full 1):
 PSYoungGen      total 38400K, used 28440K [0x0000000740000000, 0x0000000744b00000, 0x00000007c0000000)
  eden space 33280K, 85% used [0x0000000740000000,0x0000000741bc63e8,0x0000000742080000)
  from space 5120K, 0% used [0x0000000742080000,0x0000000742080000,0x0000000742580000)
  to   space 5120K, 0% used [0x0000000744600000,0x0000000744600000,0x0000000744b00000)
 ParOldGen       total 186368K, used 96814K [0x0000000640000000, 0x000000064b600000, 0x0000000740000000)
  object space 186368K, 51% used [0x0000000640000000,0x0000000645e8bb20,0x000000064b600000)
 Metaspace       used 7782K, capacity 7912K, committed 8192K, reserved 1056768K
  class space    used 877K, capacity 933K, committed 1024K, reserved 1048576K
Event: 0.567 GC heap after
Heap after GC invocations=3 (full 1):
 PSYoungGen      total 57856K, used 0K [0x0000000740000000, 0x0000000744680000, 0x00000007c0000000)
  eden space 57344K, 0% used [0x0000000740000000,0x0000000740000000,0x0000000743800000)
  from space 512K, 0% used [0x0000000744600000,0x0000000744600000,0x0000000744680000)
  to   space 5120K, 0% used [0x0000000743c80000,0x0000000743c80000,0x0000000744180000)
 ParOldGen       total 186368K, used 123924K [0x0000000640000000, 0x000000064b600000, 0x0000000740000000)
  object space 186368K, 66% used [0x0000000640000000,0x0000000647905210,0x000000064b600000)
 Metaspace       used 7782K, capacity 7912K, committed 8192K, reserved 1056768K
  class space    used 877K, capacity 933K, committed 1024K, reserved 1048576K
}
Event: 1.678 GC heap before
{Heap before GC invocations=4 (full 1):
 PSYoungGen      total 57856K, used 51052K [0x0000000740000000, 0x0000000744680000, 0x00000007c0000000)
  eden space 57344K, 89% used [0x0000000740000000,0x00000007431db0e8,0x0000000743800000)
  from space 512K, 0% used [0x0000000744600000,0x0000000744600000,0x0000000744680000)
  to   space 5120K, 0% used [0x0000000743c80000,0x0000000743c80000,0x0000000744180000)
 ParOldGen       total 186368K, used 123924K [0x0000000640000000, 0x000000064b600000, 0x0000000740000000)
  object space 186368K, 66% used [0x0000000640000000,0x0000000647905210,0x000000064b600000)
 Metaspace       used 8883K, capacity 9064K, committed 9344K, reserved 1056768K
  class space    used 997K, capacity 1061K, committed 1152K, reserved 1048576K
Event: 1.695 GC heap after
Heap after GC invocations=4 (full 1):
 PSYoungGen      total 67072K, used 686K [0x0000000740000000, 0x0000000746680000, 0x00000007c0000000)
  eden space 61952K, 0% used [0x0000000740000000,0x0000000740000000,0x0000000743c80000)
  from space 5120K, 13% used [0x0000000743c80000,0x0000000743d2ba60,0x0000000744180000)
  to   space 5120K, 0% used [0x0000000746180000,0x0000000746180000,0x0000000746680000)
 ParOldGen       total 186368K, used 169115K [0x0000000640000000, 0x000000064b600000, 0x0000000740000000)
  object space 186368K, 90% used [0x0000000640000000,0x000000064a526da0,0x000000064b600000)
 Metaspace       used 8883K, capacity 9064K, committed 9344K, reserved 1056768K
  class space    used 997K, capacity 1061K, committed 1152K, reserved 1048576K
}
Event: 1.695 GC heap before
{Heap before GC invocations=5 (full 2):
 PSYoungGen      total 67072K, used 686K [0x0000000740000000, 0x0000000746680000, 0x00000007c0000000)
  eden space 61952K, 0% used [0x0000000740000000,0x0000000740000000,0x0000000743c80000)
  from space 5120K, 13% used [0x0000000743c80000,0x0000000743d2ba60,0x0000000744180000)
  to   space 5120K, 0% used [0x0000000746180000,0x0000000746180000,0x0000000746680000)
 ParOldGen       total 186368K, used 169115K [0x0000000640000000, 0x000000064b600000, 0x0000000740000000)
  object space 186368K, 90% used [0x0000000640000000,0x000000064a526da0,0x000000064b600000)
 Metaspace       used 8883K, capacity 9064K, committed 9344K, reserved 1056768K
  class space    used 997K, capacity 1061K, committed 1152K, reserved 1048576K
Event: 1.753 GC heap after
Heap after GC invocations=5 (full 2):
 PSYoungGen      total 67072K, used 0K [0x0000000740000000, 0x0000000746680000, 0x00000007c0000000)
  eden space 61952K, 0% used [0x0000000740000000,0x0000000740000000,0x0000000743c80000)
  from space 5120K, 0% used [0x0000000743c80000,0x0000000743c80000,0x0000000744180000)
  to   space 5120K, 0% used [0x0000000746180000,0x0000000746180000,0x0000000746680000)
 ParOldGen       total 296960K, used 169610K [0x0000000640000000, 0x0000000652200000, 0x0000000740000000)
  object space 296960K, 57% used [0x0000000640000000,0x000000064a5a29f0,0x0000000652200000)
 Metaspace       used 8883K, capacity 9064K, committed 9344K, reserved 1056768K
  class space    used 997K, capacity 1061K, committed 1152K, reserved 1048576K
}

