# JRE version: Java(TM) SE Runtime Environment (8.0_251-b08) (build 1.8.0_251-b08)
# Java VM: Java HotSpot(TM) 64-Bit Server VM (25.251-b08 mixed mode windows-amd64 compressed oops)
Heap:
 PSYoungGen      total 67584K, used 33352K [0x0000000740000000, 0x0000000747a80000, 0x00000007c0000000)
  eden space 62464K, 53% used [0x0000000740000000,0x0000000742092138,0x0000000743d00000)
  from space 5120K, 0% used [0x0000000743d00000,0x0000000743d00000,0x0000000744200000)
  to   space 5120K, 0% used [0x0000000747580000,0x0000000747580000,0x0000000747a80000)
 ParOldGen       total 308736K, used 184661K [0x0000000640000000, 0x0000000652d80000, 0x0000000740000000)
  object space 308736K, 59% used [0x0000000640000000,0x000000064b455790,0x0000000652d80000)
 Metaspace       used 13353K, capacity 13584K, committed 13952K, reserved 1060864K
  class space    used 1717K, capacity 1797K, committed 1920K, reserved 1048576K
GC Heap History (10 events):
Event: 0.521 GC heap before
{Heap before GC invocations=1 (full 0):
 PSYoungGen      total 38400K, used 32435K [0x0000000740000000, 0x0000000742a80000, 0x00000007c0000000)
  eden space 33280K, 97% used [0x0000000740000000,0x0000000741facf88,0x0000000742080000)
  from space 5120K, 0% used [0x0000000742580000,0x0000000742580000,0x0000000742a80000)
  to   space 5120K, 0% used [0x0000000742080000,0x0000000742080000,0x0000000742580000)
 ParOldGen       total 87552K, used 81329K [0x0000000640000000, 0x0000000645580000, 0x0000000740000000)
  object space 87552K, 92% used [0x0000000640000000,0x0000000644f6c470,0x0000000645580000)
 Metaspace       used 7772K, capacity 7912K, committed 8192K, reserved 1056768K
  class space    used 877K, capacity 933K, committed 1024K, reserved 1048576K
Event: 0.534 GC heap after
Heap after GC invocations=1 (full 0):
 PSYoungGen      total 38400K, used 5094K [0x0000000740000000, 0x0000000744b00000, 0x00000007c0000000)
  eden space 33280K, 0% used [0x0000000740000000,0x0000000740000000,0x0000000742080000)
  from space 5120K, 99% used [0x0000000742080000,0x0000000742579930,0x0000000742580000)
  to   space 5120K, 0% used [0x0000000744600000,0x0000000744600000,0x0000000744b00000)
 ParOldGen       total 121344K, used 115561K [0x0000000640000000, 0x0000000647680000, 0x0000000740000000)
  object space 121344K, 95% used [0x0000000640000000,0x00000006470da710,0x0000000647680000)
 Metaspace       used 7772K, capacity 7912K, committed 8192K, reserved 1056768K
  class space    used 877K, capacity 933K, committed 1024K, reserved 1048576K
}
Event: 0.534 GC heap before
{Heap before GC invocations=2 (full 1):
 PSYoungGen      total 38400K, used 5094K [0x0000000740000000, 0x0000000744b00000, 0x00000007c0000000)
  eden space 33280K, 0% used [0x0000000740000000,0x0000000740000000,0x0000000742080000)
  from space 5120K, 99% used [0x0000000742080000,0x0000000742579930,0x0000000742580000)
  to   space 5120K, 0% used [0x0000000744600000,0x0000000744600000,0x0000000744b00000)
 ParOldGen       total 121344K, used 115561K [0x0000000640000000, 0x0000000647680000, 0x0000000740000000)
  object space 121344K, 95% used [0x0000000640000000,0x00000006470da710,0x0000000647680000)
 Metaspace       used 7772K, capacity 7912K, committed 8192K, reserved 1056768K
  class space    used 877K, capacity 933K, committed 1024K, reserved 1048576K
Event: 0.547 GC heap after
Heap after GC invocations=2 (full 1):
 PSYoungGen      total 38400K, used 0K [0x0000000740000000, 0x0000000744b00000, 0x00000007c0000000)
  eden space 33280K, 0% used [0x0000000740000000,0x0000000740000000,0x0000000742080000)
  from space 5120K, 0% used [0x0000000742080000,0x0000000742080000,0x0000000742580000)
  to   space 5120K, 0% used [0x0000000744600000,0x0000000744600000,0x0000000744b00000)
 ParOldGen       total 192512K, used 104423K [0x0000000640000000, 0x000000064bc00000, 0x0000000740000000)
  object space 192512K, 54% used [0x0000000640000000,0x00000006465f9c78,0x000000064bc00000)
 Metaspace       used 7772K, capacity 7912K, committed 8192K, reserved 1056768K
  class space    used 877K, capacity 933K, committed 1024K, reserved 1048576K
}
Event: 0.549 GC heap before
{Heap before GC invocations=3 (full 1):
 PSYoungGen      total 38400K, used 28440K [0x0000000740000000, 0x0000000744b00000, 0x00000007c0000000)
  eden space 33280K, 85% used [0x0000000740000000,0x0000000741bc63e8,0x0000000742080000)
  from space 5120K, 0% used [0x0000000742080000,0x0000000742080000,0x0000000742580000)
  to   space 5120K, 0% used [0x0000000744600000,0x0000000744600000,0x0000000744b00000)
 ParOldGen       total 192512K, used 104423K [0x0000000640000000, 0x000000064bc00000, 0x0000000740000000)
  object space 192512K, 54% used [0x0000000640000000,0x00000006465f9c78,0x000000064bc00000)
 Metaspace       used 7772K, capacity 7912K, committed 8192K, reserved 1056768K
  class space    used 877K, capacity 933K, committed 1024K, reserved 1048576K
Event: 0.557 GC heap after
Heap after GC invocations=3 (full 1):
 PSYoungGen      total 63488K, used 0K [0x0000000740000000, 0x0000000744700000, 0x00000007c0000000)
  eden space 62464K, 0% used [0x0000000740000000,0x0000000740000000,0x0000000743d00000)
  from space 1024K, 0% used [0x0000000744600000,0x0000000744600000,0x0000000744700000)
  to   space 5120K, 0% used [0x0000000743d00000,0x0000000743d00000,0x0000000744200000)
 ParOldGen       total 192512K, used 131532K [0x0000000640000000, 0x000000064bc00000, 0x0000000740000000)
  object space 192512K, 68% used [0x0000000640000000,0x0000000648073368,0x000000064bc00000)
 Metaspace       used 7772K, capacity 7912K, committed 8192K, reserved 1056768K
  class space    used 877K, capacity 933K, committed 1024K, reserved 1048576K
}
Event: 1.371 GC heap before
{Heap before GC invocations=4 (full 1):
 PSYoungGen      total 63488K, used 61094K [0x0000000740000000, 0x0000000744700000, 0x00000007c0000000)
  eden space 62464K, 97% used [0x0000000740000000,0x0000000743ba9800,0x0000000743d00000)
  from space 1024K, 0% used [0x0000000744600000,0x0000000744600000,0x0000000744700000)
  to   space 5120K, 0% used [0x0000000743d00000,0x0000000743d00000,0x0000000744200000)
 ParOldGen       total 192512K, used 131532K [0x0000000640000000, 0x000000064bc00000, 0x0000000740000000)
  object space 192512K, 68% used [0x0000000640000000,0x0000000648073368,0x000000064bc00000)
 Metaspace       used 10180K, capacity 10368K, committed 10496K, reserved 1058816K
  class space    used 1187K, capacity 1258K, committed 1280K, reserved 1048576K
Event: 1.397 GC heap after
Heap after GC invocations=4 (full 1):
 PSYoungGen      total 67584K, used 1006K [0x0000000740000000, 0x0000000747a80000, 0x00000007c0000000)
  eden space 62464K, 0% used [0x0000000740000000,0x0000000740000000,0x0000000743d00000)
  from space 5120K, 19% used [0x0000000743d00000,0x0000000743dfba60,0x0000000744200000)
  to   space 5120K, 0% used [0x0000000747580000,0x0000000747580000,0x0000000747a80000)
 ParOldGen       total 192512K, used 183887K [0x0000000640000000, 0x000000064bc00000, 0x0000000740000000)
  object space 192512K, 95% used [0x0000000640000000,0x000000064b393cb8,0x000000064bc00000)
 Metaspace       used 10180K, capacity 10368K, committed 10496K, reserved 1058816K
  class space    used 1187K, capacity 1258K, committed 1280K, reserved 1048576K
}
Event: 1.397 GC heap before
{Heap before GC invocations=5 (full 2):
 PSYoungGen      total 67584K, used 1006K [0x0000000740000000, 0x0000000747a80000, 0x00000007c0000000)
  eden space 62464K, 0% used [0x0000000740000000,0x0000000740000000,0x0000000743d00000)
  from space 5120K, 19% used [0x0000000743d00000,0x0000000743dfba60,0x0000000744200000)
  to   space 5120K, 0% used [0x0000000747580000,0x0000000747580000,0x0000000747a80000)
 ParOldGen       total 192512K, used 183887K [0x0000000640000000, 0x000000064bc00000, 0x0000000740000000)
  object space 192512K, 95% used [0x0000000640000000,0x000000064b393cb8,0x000000064bc00000)
 Metaspace       used 10180K, capacity 10368K, committed 10496K, reserved 1058816K
  class space    used 1187K, capacity 1258K, committed 1280K, reserved 1048576K
Event: 1.463 GC heap after
Heap after GC invocations=5 (full 2):
 PSYoungGen      total 67584K, used 0K [0x0000000740000000, 0x0000000747a80000, 0x00000007c0000000)
  eden space 62464K, 0% used [0x0000000740000000,0x0000000740000000,0x0000000743d00000)
  from space 5120K, 0% used [0x0000000743d00000,0x0000000743d00000,0x0000000744200000)
  to   space 5120K, 0% used [0x0000000747580000,0x0000000747580000,0x0000000747a80000)
 ParOldGen       total 308736K, used 184661K [0x0000000640000000, 0x0000000652d80000, 0x0000000740000000)
  object space 308736K, 59% used [0x0000000640000000,0x000000064b455790,0x0000000652d80000)
 Metaspace       used 10180K, capacity 10368K, committed 10496K, reserved 1058816K
  class space    used 1187K, capacity 1258K, committed 1280K, reserved 1048576K
}

