# JRE version: Java(TM) SE Runtime Environment (8.0_251-b08) (build 1.8.0_251-b08)
# Java VM: Java HotSpot(TM) 64-Bit Server VM (25.251-b08 mixed mode windows-amd64 compressed oops)
Heap:
 PSYoungGen      total 67072K, used 32866K [0x0000000740000000, 0x0000000747200000, 0x00000007c0000000)
  eden space 61952K, 53% used [0x0000000740000000,0x0000000742018a00,0x0000000743c80000)
  from space 5120K, 0% used [0x0000000743c80000,0x0000000743c80000,0x0000000744180000)
  to   space 5120K, 0% used [0x0000000746d00000,0x0000000746d00000,0x0000000747200000)
 ParOldGen       total 317440K, used 184659K [0x0000000640000000, 0x0000000653600000, 0x0000000740000000)
  object space 317440K, 58% used [0x0000000640000000,0x000000064b454ed0,0x0000000653600000)
 Metaspace       used 13304K, capacity 13578K, committed 13952K, reserved 1060864K
  class space    used 1717K, capacity 1796K, committed 1920K, reserved 1048576K
GC Heap History (10 events):
Event: 0.525 GC heap before
{Heap before GC invocations=1 (full 0):
 PSYoungGen      total 38400K, used 32398K [0x0000000740000000, 0x0000000742a80000, 0x00000007c0000000)
  eden space 33280K, 97% used [0x0000000740000000,0x0000000741fa3a98,0x0000000742080000)
  from space 5120K, 0% used [0x0000000742580000,0x0000000742580000,0x0000000742a80000)
  to   space 5120K, 0% used [0x0000000742080000,0x0000000742080000,0x0000000742580000)
 ParOldGen       total 87552K, used 81329K [0x0000000640000000, 0x0000000645580000, 0x0000000740000000)
  object space 87552K, 92% used [0x0000000640000000,0x0000000644f6c470,0x0000000645580000)
 Metaspace       used 7751K, capacity 7848K, committed 8192K, reserved 1056768K
  class space    used 877K, capacity 933K, committed 1024K, reserved 1048576K
Event: 0.538 GC heap after
Heap after GC invocations=1 (full 0):
 PSYoungGen      total 38400K, used 1528K [0x0000000740000000, 0x0000000744b00000, 0x00000007c0000000)
  eden space 33280K, 0% used [0x0000000740000000,0x0000000740000000,0x0000000742080000)
  from space 5120K, 29% used [0x0000000742080000,0x00000007421fe2c0,0x0000000742580000)
  to   space 5120K, 0% used [0x0000000744600000,0x0000000744600000,0x0000000744b00000)
 ParOldGen       total 121344K, used 119192K [0x0000000640000000, 0x0000000647680000, 0x0000000740000000)
  object space 121344K, 98% used [0x0000000640000000,0x0000000647466020,0x0000000647680000)
 Metaspace       used 7751K, capacity 7848K, committed 8192K, reserved 1056768K
  class space    used 877K, capacity 933K, committed 1024K, reserved 1048576K
}
Event: 0.538 GC heap before
{Heap before GC invocations=2 (full 1):
 PSYoungGen      total 38400K, used 1528K [0x0000000740000000, 0x0000000744b00000, 0x00000007c0000000)
  eden space 33280K, 0% used [0x0000000740000000,0x0000000740000000,0x0000000742080000)
  from space 5120K, 29% used [0x0000000742080000,0x00000007421fe2c0,0x0000000742580000)
  to   space 5120K, 0% used [0x0000000744600000,0x0000000744600000,0x0000000744b00000)
 ParOldGen       total 121344K, used 119192K [0x0000000640000000, 0x0000000647680000, 0x0000000740000000)
  object space 121344K, 98% used [0x0000000640000000,0x0000000647466020,0x0000000647680000)
 Metaspace       used 7751K, capacity 7848K, committed 8192K, reserved 1056768K
  class space    used 877K, capacity 933K, committed 1024K, reserved 1048576K
Event: 0.558 GC heap after
Heap after GC invocations=2 (full 1):
 PSYoungGen      total 38400K, used 0K [0x0000000740000000, 0x0000000744b00000, 0x00000007c0000000)
  eden space 33280K, 0% used [0x0000000740000000,0x0000000740000000,0x0000000742080000)
  from space 5120K, 0% used [0x0000000742080000,0x0000000742080000,0x0000000742580000)
  to   space 5120K, 0% used [0x0000000744600000,0x0000000744600000,0x0000000744b00000)
 ParOldGen       total 199168K, used 104409K [0x0000000640000000, 0x000000064c280000, 0x0000000740000000)
  object space 199168K, 52% used [0x0000000640000000,0x00000006465f6548,0x000000064c280000)
 Metaspace       used 7751K, capacity 7848K, committed 8192K, reserved 1056768K
  class space    used 877K, capacity 933K, committed 1024K, reserved 1048576K
}
Event: 0.562 GC heap before
{Heap before GC invocations=3 (full 1):
 PSYoungGen      total 38400K, used 28440K [0x0000000740000000, 0x0000000744b00000, 0x00000007c0000000)
  eden space 33280K, 85% used [0x0000000740000000,0x0000000741bc63e8,0x0000000742080000)
  from space 5120K, 0% used [0x0000000742080000,0x0000000742080000,0x0000000742580000)
  to   space 5120K, 0% used [0x0000000744600000,0x0000000744600000,0x0000000744b00000)
 ParOldGen       total 199168K, used 104409K [0x0000000640000000, 0x000000064c280000, 0x0000000740000000)
  object space 199168K, 52% used [0x0000000640000000,0x00000006465f6548,0x000000064c280000)
 Metaspace       used 7751K, capacity 7848K, committed 8192K, reserved 1056768K
  class space    used 877K, capacity 933K, committed 1024K, reserved 1048576K
Event: 0.571 GC heap after
Heap after GC invocations=3 (full 1):
 PSYoungGen      total 60928K, used 0K [0x0000000740000000, 0x0000000744680000, 0x00000007c0000000)
  eden space 60416K, 0% used [0x0000000740000000,0x0000000740000000,0x0000000743b00000)
  from space 512K, 0% used [0x0000000744600000,0x0000000744600000,0x0000000744680000)
  to   space 5120K, 0% used [0x0000000743c80000,0x0000000743c80000,0x0000000744180000)
 ParOldGen       total 199168K, used 131519K [0x0000000640000000, 0x000000064c280000, 0x0000000740000000)
  object space 199168K, 66% used [0x0000000640000000,0x000000064806fc38,0x000000064c280000)
 Metaspace       used 7751K, capacity 7848K, committed 8192K, reserved 1056768K
  class space    used 877K, capacity 933K, committed 1024K, reserved 1048576K
}
Event: 1.288 GC heap before
{Heap before GC invocations=4 (full 1):
 PSYoungGen      total 60928K, used 59744K [0x0000000740000000, 0x0000000744680000, 0x00000007c0000000)
  eden space 60416K, 98% used [0x0000000740000000,0x0000000743a582c8,0x0000000743b00000)
  from space 512K, 0% used [0x0000000744600000,0x0000000744600000,0x0000000744680000)
  to   space 5120K, 0% used [0x0000000743c80000,0x0000000743c80000,0x0000000744180000)
 ParOldGen       total 199168K, used 131519K [0x0000000640000000, 0x000000064c280000, 0x0000000740000000)
  object space 199168K, 66% used [0x0000000640000000,0x000000064806fc38,0x000000064c280000)
 Metaspace       used 10159K, capacity 10368K, committed 10496K, reserved 1058816K
  class space    used 1187K, capacity 1258K, committed 1280K, reserved 1048576K
Event: 1.307 GC heap after
Heap after GC invocations=4 (full 1):
 PSYoungGen      total 67072K, used 1070K [0x0000000740000000, 0x0000000747200000, 0x00000007c0000000)
  eden space 61952K, 0% used [0x0000000740000000,0x0000000740000000,0x0000000743c80000)
  from space 5120K, 20% used [0x0000000743c80000,0x0000000743d8ba60,0x0000000744180000)
  to   space 5120K, 0% used [0x0000000746d00000,0x0000000746d00000,0x0000000747200000)
 ParOldGen       total 199168K, used 183873K [0x0000000640000000, 0x000000064c280000, 0x0000000740000000)
  object space 199168K, 92% used [0x0000000640000000,0x000000064b390588,0x000000064c280000)
 Metaspace       used 10159K, capacity 10368K, committed 10496K, reserved 1058816K
  class space    used 1187K, capacity 1258K, committed 1280K, reserved 1048576K
}
Event: 1.308 GC heap before
{Heap before GC invocations=5 (full 2):
 PSYoungGen      total 67072K, used 1070K [0x0000000740000000, 0x0000000747200000, 0x00000007c0000000)
  eden space 61952K, 0% used [0x0000000740000000,0x0000000740000000,0x0000000743c80000)
  from space 5120K, 20% used [0x0000000743c80000,0x0000000743d8ba60,0x0000000744180000)
  to   space 5120K, 0% used [0x0000000746d00000,0x0000000746d00000,0x0000000747200000)
 ParOldGen       total 199168K, used 183873K [0x0000000640000000, 0x000000064c280000, 0x0000000740000000)
  object space 199168K, 92% used [0x0000000640000000,0x000000064b390588,0x000000064c280000)
 Metaspace       used 10159K, capacity 10368K, committed 10496K, reserved 1058816K
  class space    used 1187K, capacity 1258K, committed 1280K, reserved 1048576K
Event: 1.374 GC heap after
Heap after GC invocations=5 (full 2):
 PSYoungGen      total 67072K, used 0K [0x0000000740000000, 0x0000000747200000, 0x00000007c0000000)
  eden space 61952K, 0% used [0x0000000740000000,0x0000000740000000,0x0000000743c80000)
  from space 5120K, 0% used [0x0000000743c80000,0x0000000743c80000,0x0000000744180000)
  to   space 5120K, 0% used [0x0000000746d00000,0x0000000746d00000,0x0000000747200000)
 ParOldGen       total 317440K, used 184659K [0x0000000640000000, 0x0000000653600000, 0x0000000740000000)
  object space 317440K, 58% used [0x0000000640000000,0x000000064b454ed0,0x0000000653600000)
 Metaspace       used 10159K, capacity 10368K, committed 10496K, reserved 1058816K
  class space    used 1187K, capacity 1258K, committed 1280K, reserved 1048576K
}

