# JRE version: Java(TM) SE Runtime Environment (8.0_251-b08) (build 1.8.0_251-b08)
# Java VM: Java HotSpot(TM) 64-Bit Server VM (25.251-b08 mixed mode windows-amd64 compressed oops)
Heap:
 PSYoungGen      total 71680K, used 36990K [0x00000000d5f00000, 0x00000000de480000, 0x0000000100000000)
  eden space 66560K, 55% used [0x00000000d5f00000,0x00000000d831fa08,0x00000000da000000)
  from space 5120K, 0% used [0x00000000da000000,0x00000000da000000,0x00000000da500000)
  to   space 5120K, 0% used [0x00000000ddf80000,0x00000000ddf80000,0x00000000de480000)
 ParOldGen       total 229376K, used 108195K [0x0000000081c00000, 0x000000008fc00000, 0x00000000d5f00000)
  object space 229376K, 47% used [0x0000000081c00000,0x00000000885a8e30,0x000000008fc00000)
 Metaspace       used 12994K, capacity 13204K, committed 13568K, reserved 1060864K
  class space    used 1679K, capacity 1751K, committed 1792K, reserved 1048576K
GC Heap History (10 events):
Event: 0.574 GC heap before
{Heap before GC invocations=1 (full 0):
 PSYoungGen      total 38400K, used 28298K [0x00000000d5f00000, 0x00000000d8980000, 0x0000000100000000)
  eden space 33280K, 85% used [0x00000000d5f00000,0x00000000d7aa2960,0x00000000d7f80000)
  from space 5120K, 0% used [0x00000000d8480000,0x00000000d8480000,0x00000000d8980000)
  to   space 5120K, 0% used [0x00000000d7f80000,0x00000000d7f80000,0x00000000d8480000)
 ParOldGen       total 87552K, used 0K [0x0000000081c00000, 0x0000000087180000, 0x00000000d5f00000)
  object space 87552K, 0% used [0x0000000081c00000,0x0000000081c00000,0x0000000087180000)
 Metaspace       used 8898K, capacity 9074K, committed 9344K, reserved 1056768K
  class space    used 1037K, capacity 1129K, committed 1152K, reserved 1048576K
Event: 0.585 GC heap after
Heap after GC invocations=1 (full 0):
 PSYoungGen      total 38400K, used 5088K [0x00000000d5f00000, 0x00000000daa00000, 0x0000000100000000)
  eden space 33280K, 0% used [0x00000000d5f00000,0x00000000d5f00000,0x00000000d7f80000)
  from space 5120K, 99% used [0x00000000d7f80000,0x00000000d8478020,0x00000000d8480000)
  to   space 5120K, 0% used [0x00000000da500000,0x00000000da500000,0x00000000daa00000)
 ParOldGen       total 87552K, used 27389K [0x0000000081c00000, 0x0000000087180000, 0x00000000d5f00000)
  object space 87552K, 31% used [0x0000000081c00000,0x00000000836bf7f0,0x0000000087180000)
 Metaspace       used 8898K, capacity 9074K, committed 9344K, reserved 1056768K
  class space    used 1037K, capacity 1129K, committed 1152K, reserved 1048576K
}
Event: 0.588 GC heap before
{Heap before GC invocations=2 (full 0):
 PSYoungGen      total 38400K, used 33394K [0x00000000d5f00000, 0x00000000daa00000, 0x0000000100000000)
  eden space 33280K, 85% used [0x00000000d5f00000,0x00000000d7aa4bd0,0x00000000d7f80000)
  from space 5120K, 99% used [0x00000000d7f80000,0x00000000d8478020,0x00000000d8480000)
  to   space 5120K, 0% used [0x00000000da500000,0x00000000da500000,0x00000000daa00000)
 ParOldGen       total 87552K, used 27389K [0x0000000081c00000, 0x0000000087180000, 0x00000000d5f00000)
  object space 87552K, 31% used [0x0000000081c00000,0x00000000836bf7f0,0x0000000087180000)
 Metaspace       used 8898K, capacity 9074K, committed 9344K, reserved 1056768K
  class space    used 1037K, capacity 1129K, committed 1152K, reserved 1048576K
Event: 0.599 GC heap after
Heap after GC invocations=2 (full 0):
 PSYoungGen      total 71680K, used 5088K [0x00000000d5f00000, 0x00000000daa00000, 0x0000000100000000)
  eden space 66560K, 0% used [0x00000000d5f00000,0x00000000d5f00000,0x00000000da000000)
  from space 5120K, 99% used [0x00000000da500000,0x00000000da9f8020,0x00000000daa00000)
  to   space 5120K, 0% used [0x00000000da000000,0x00000000da000000,0x00000000da500000)
 ParOldGen       total 87552K, used 61715K [0x0000000081c00000, 0x0000000087180000, 0x00000000d5f00000)
  object space 87552K, 70% used [0x0000000081c00000,0x0000000085844f00,0x0000000087180000)
 Metaspace       used 8898K, capacity 9074K, committed 9344K, reserved 1056768K
  class space    used 1037K, capacity 1129K, committed 1152K, reserved 1048576K
}
Event: 0.599 GC heap before
{Heap before GC invocations=3 (full 1):
 PSYoungGen      total 71680K, used 5088K [0x00000000d5f00000, 0x00000000daa00000, 0x0000000100000000)
  eden space 66560K, 0% used [0x00000000d5f00000,0x00000000d5f00000,0x00000000da000000)
  from space 5120K, 99% used [0x00000000da500000,0x00000000da9f8020,0x00000000daa00000)
  to   space 5120K, 0% used [0x00000000da000000,0x00000000da000000,0x00000000da500000)
 ParOldGen       total 87552K, used 61715K [0x0000000081c00000, 0x0000000087180000, 0x00000000d5f00000)
  object space 87552K, 70% used [0x0000000081c00000,0x0000000085844f00,0x0000000087180000)
 Metaspace       used 8898K, capacity 9074K, committed 9344K, reserved 1056768K
  class space    used 1037K, capacity 1129K, committed 1152K, reserved 1048576K
Event: 0.620 GC heap after
Heap after GC invocations=3 (full 1):
 PSYoungGen      total 71680K, used 0K [0x00000000d5f00000, 0x00000000daa00000, 0x0000000100000000)
  eden space 66560K, 0% used [0x00000000d5f00000,0x00000000d5f00000,0x00000000da000000)
  from space 5120K, 0% used [0x00000000da500000,0x00000000da500000,0x00000000daa00000)
  to   space 5120K, 0% used [0x00000000da000000,0x00000000da000000,0x00000000da500000)
 ParOldGen       total 117760K, used 44940K [0x0000000081c00000, 0x0000000088f00000, 0x00000000d5f00000)
  object space 117760K, 38% used [0x0000000081c00000,0x00000000847e3100,0x0000000088f00000)
 Metaspace       used 8898K, capacity 9074K, committed 9344K, reserved 1056768K
  class space    used 1037K, capacity 1129K, committed 1152K, reserved 1048576K
}
Event: 0.643 GC heap before
{Heap before GC invocations=4 (full 1):
 PSYoungGen      total 71680K, used 65586K [0x00000000d5f00000, 0x00000000daa00000, 0x0000000100000000)
  eden space 66560K, 98% used [0x00000000d5f00000,0x00000000d9f0c8f8,0x00000000da000000)
  from space 5120K, 0% used [0x00000000da500000,0x00000000da500000,0x00000000daa00000)
  to   space 5120K, 0% used [0x00000000da000000,0x00000000da000000,0x00000000da500000)
 ParOldGen       total 117760K, used 44940K [0x0000000081c00000, 0x0000000088f00000, 0x00000000d5f00000)
  object space 117760K, 38% used [0x0000000081c00000,0x00000000847e3100,0x0000000088f00000)
 Metaspace       used 8898K, capacity 9074K, committed 9344K, reserved 1056768K
  class space    used 1037K, capacity 1129K, committed 1152K, reserved 1048576K
Event: 0.654 GC heap after
Heap after GC invocations=4 (full 1):
 PSYoungGen      total 71680K, used 0K [0x00000000d5f00000, 0x00000000de480000, 0x0000000100000000)
  eden space 66560K, 0% used [0x00000000d5f00000,0x00000000d5f00000,0x00000000da000000)
  from space 5120K, 0% used [0x00000000da000000,0x00000000da000000,0x00000000da500000)
  to   space 5120K, 0% used [0x00000000ddf80000,0x00000000ddf80000,0x00000000de480000)
 ParOldGen       total 117760K, used 108196K [0x0000000081c00000, 0x0000000088f00000, 0x00000000d5f00000)
  object space 117760K, 91% used [0x0000000081c00000,0x00000000885a9130,0x0000000088f00000)
 Metaspace       used 8898K, capacity 9074K, committed 9344K, reserved 1056768K
  class space    used 1037K, capacity 1129K, committed 1152K, reserved 1048576K
}
Event: 0.654 GC heap before
{Heap before GC invocations=5 (full 2):
 PSYoungGen      total 71680K, used 0K [0x00000000d5f00000, 0x00000000de480000, 0x0000000100000000)
  eden space 66560K, 0% used [0x00000000d5f00000,0x00000000d5f00000,0x00000000da000000)
  from space 5120K, 0% used [0x00000000da000000,0x00000000da000000,0x00000000da500000)
  to   space 5120K, 0% used [0x00000000ddf80000,0x00000000ddf80000,0x00000000de480000)
 ParOldGen       total 117760K, used 108196K [0x0000000081c00000, 0x0000000088f00000, 0x00000000d5f00000)
  object space 117760K, 91% used [0x0000000081c00000,0x00000000885a9130,0x0000000088f00000)
 Metaspace       used 8898K, capacity 9074K, committed 9344K, reserved 1056768K
  class space    used 1037K, capacity 1129K, committed 1152K, reserved 1048576K
Event: 0.694 GC heap after
Heap after GC invocations=5 (full 2):
 PSYoungGen      total 71680K, used 0K [0x00000000d5f00000, 0x00000000de480000, 0x0000000100000000)
  eden space 66560K, 0% used [0x00000000d5f00000,0x00000000d5f00000,0x00000000da000000)
  from space 5120K, 0% used [0x00000000da000000,0x00000000da000000,0x00000000da500000)
  to   space 5120K, 0% used [0x00000000ddf80000,0x00000000ddf80000,0x00000000de480000)
 ParOldGen       total 229376K, used 108195K [0x0000000081c00000, 0x000000008fc00000, 0x00000000d5f00000)
  object space 229376K, 47% used [0x0000000081c00000,0x00000000885a8e30,0x000000008fc00000)
 Metaspace       used 8898K, capacity 9074K, committed 9344K, reserved 1056768K
  class space    used 1037K, capacity 1129K, committed 1152K, reserved 1048576K
}

