# JRE version: Java(TM) SE Runtime Environment (8.0_251-b08) (build 1.8.0_251-b08)
# Java VM: Java HotSpot(TM) 64-Bit Server VM (25.251-b08 mixed mode windows-amd64 compressed oops)
Heap:
 PSYoungGen      total 67072K, used 54525K [0x0000000740000000, 0x0000000746b00000, 0x00000007c0000000)
  eden space 61952K, 88% used [0x0000000740000000,0x000000074353f6d8,0x0000000743c80000)
  from space 5120K, 0% used [0x0000000743c80000,0x0000000743c80000,0x0000000744180000)
  to   space 5120K, 0% used [0x0000000746600000,0x0000000746600000,0x0000000746b00000)
 ParOldGen       total 296960K, used 169610K [0x0000000640000000, 0x0000000652200000, 0x0000000740000000)
  object space 296960K, 57% used [0x0000000640000000,0x000000064a5a2bd8,0x0000000652200000)
 Metaspace       used 13388K, capacity 13666K, committed 13952K, reserved 1060864K
  class space    used 1719K, capacity 1800K, committed 1920K, reserved 1048576K
GC Heap History (10 events):
Event: 0.593 GC heap before
{Heap before GC invocations=1 (full 0):
 PSYoungGen      total 38400K, used 26730K [0x0000000740000000, 0x0000000742a80000, 0x00000007c0000000)
  eden space 33280K, 80% used [0x0000000740000000,0x0000000741a1a980,0x0000000742080000)
  from space 5120K, 0% used [0x0000000742580000,0x0000000742580000,0x0000000742a80000)
  to   space 5120K, 0% used [0x0000000742080000,0x0000000742080000,0x0000000742580000)
 ParOldGen       total 87552K, used 81329K [0x0000000640000000, 0x0000000645580000, 0x0000000740000000)
  object space 87552K, 92% used [0x0000000640000000,0x0000000644f6c470,0x0000000645580000)
 Metaspace       used 7781K, capacity 7912K, committed 8192K, reserved 1056768K
  class space    used 877K, capacity 933K, committed 1024K, reserved 1048576K
Event: 0.605 GC heap after
Heap after GC invocations=1 (full 0):
 PSYoungGen      total 38400K, used 3032K [0x0000000740000000, 0x0000000744b00000, 0x00000007c0000000)
  eden space 33280K, 0% used [0x0000000740000000,0x0000000740000000,0x0000000742080000)
  from space 5120K, 59% used [0x0000000742080000,0x00000007423762d0,0x0000000742580000)
  to   space 5120K, 0% used [0x0000000744600000,0x0000000744600000,0x0000000744b00000)
 ParOldGen       total 112128K, used 110155K [0x0000000640000000, 0x0000000646d80000, 0x0000000740000000)
  object space 112128K, 98% used [0x0000000640000000,0x0000000646b92dd0,0x0000000646d80000)
 Metaspace       used 7781K, capacity 7912K, committed 8192K, reserved 1056768K
  class space    used 877K, capacity 933K, committed 1024K, reserved 1048576K
}
Event: 0.605 GC heap before
{Heap before GC invocations=2 (full 1):
 PSYoungGen      total 38400K, used 3032K [0x0000000740000000, 0x0000000744b00000, 0x00000007c0000000)
  eden space 33280K, 0% used [0x0000000740000000,0x0000000740000000,0x0000000742080000)
  from space 5120K, 59% used [0x0000000742080000,0x00000007423762d0,0x0000000742580000)
  to   space 5120K, 0% used [0x0000000744600000,0x0000000744600000,0x0000000744b00000)
 ParOldGen       total 112128K, used 110155K [0x0000000640000000, 0x0000000646d80000, 0x0000000740000000)
  object space 112128K, 98% used [0x0000000640000000,0x0000000646b92dd0,0x0000000646d80000)
 Metaspace       used 7781K, capacity 7912K, committed 8192K, reserved 1056768K
  class space    used 877K, capacity 933K, committed 1024K, reserved 1048576K
Event: 0.628 GC heap after
Heap after GC invocations=2 (full 1):
 PSYoungGen      total 38400K, used 0K [0x0000000740000000, 0x0000000744b00000, 0x00000007c0000000)
  eden space 33280K, 0% used [0x0000000740000000,0x0000000740000000,0x0000000742080000)
  from space 5120K, 0% used [0x0000000742080000,0x0000000742080000,0x0000000742580000)
  to   space 5120K, 0% used [0x0000000744600000,0x0000000744600000,0x0000000744b00000)
 ParOldGen       total 185344K, used 96815K [0x0000000640000000, 0x000000064b500000, 0x0000000740000000)
  object space 185344K, 52% used [0x0000000640000000,0x0000000645e8bcf8,0x000000064b500000)
 Metaspace       used 7781K, capacity 7912K, committed 8192K, reserved 1056768K
  class space    used 877K, capacity 933K, committed 1024K, reserved 1048576K
}
Event: 0.633 GC heap before
{Heap before GC invocations=3 (full 1):
 PSYoungGen      total 38400K, used 28440K [0x0000000740000000, 0x0000000744b00000, 0x00000007c0000000)
  eden space 33280K, 85% used [0x0000000740000000,0x0000000741bc63e8,0x0000000742080000)
  from space 5120K, 0% used [0x0000000742080000,0x0000000742080000,0x0000000742580000)
  to   space 5120K, 0% used [0x0000000744600000,0x0000000744600000,0x0000000744b00000)
 ParOldGen       total 185344K, used 96815K [0x0000000640000000, 0x000000064b500000, 0x0000000740000000)
  object space 185344K, 52% used [0x0000000640000000,0x0000000645e8bcf8,0x000000064b500000)
 Metaspace       used 7781K, capacity 7912K, committed 8192K, reserved 1056768K
  class space    used 877K, capacity 933K, committed 1024K, reserved 1048576K
Event: 0.641 GC heap after
Heap after GC invocations=3 (full 1):
 PSYoungGen      total 59392K, used 0K [0x0000000740000000, 0x0000000744680000, 0x00000007c0000000)
  eden space 58880K, 0% used [0x0000000740000000,0x0000000740000000,0x0000000743980000)
  from space 512K, 0% used [0x0000000744600000,0x0000000744600000,0x0000000744680000)
  to   space 5120K, 0% used [0x0000000743c80000,0x0000000743c80000,0x0000000744180000)
 ParOldGen       total 185344K, used 123924K [0x0000000640000000, 0x000000064b500000, 0x0000000740000000)
  object space 185344K, 66% used [0x0000000640000000,0x00000006479053e8,0x000000064b500000)
 Metaspace       used 7781K, capacity 7912K, committed 8192K, reserved 1056768K
  class space    used 877K, capacity 933K, committed 1024K, reserved 1048576K
}
Event: 1.368 GC heap before
{Heap before GC invocations=4 (full 1):
 PSYoungGen      total 59392K, used 50039K [0x0000000740000000, 0x0000000744680000, 0x00000007c0000000)
  eden space 58880K, 84% used [0x0000000740000000,0x00000007430dde68,0x0000000743980000)
  from space 512K, 0% used [0x0000000744600000,0x0000000744600000,0x0000000744680000)
  to   space 5120K, 0% used [0x0000000743c80000,0x0000000743c80000,0x0000000744180000)
 ParOldGen       total 185344K, used 123924K [0x0000000640000000, 0x000000064b500000, 0x0000000740000000)
  object space 185344K, 66% used [0x0000000640000000,0x00000006479053e8,0x000000064b500000)
 Metaspace       used 8883K, capacity 9064K, committed 9344K, reserved 1056768K
  class space    used 996K, capacity 1061K, committed 1152K, reserved 1048576K
Event: 1.379 GC heap after
Heap after GC invocations=4 (full 1):
 PSYoungGen      total 67072K, used 767K [0x0000000740000000, 0x0000000746b00000, 0x00000007c0000000)
  eden space 61952K, 0% used [0x0000000740000000,0x0000000740000000,0x0000000743c80000)
  from space 5120K, 14% used [0x0000000743c80000,0x0000000743d3fce0,0x0000000744180000)
  to   space 5120K, 0% used [0x0000000746600000,0x0000000746600000,0x0000000746b00000)
 ParOldGen       total 185344K, used 169115K [0x0000000640000000, 0x000000064b500000, 0x0000000740000000)
  object space 185344K, 91% used [0x0000000640000000,0x000000064a526f78,0x000000064b500000)
 Metaspace       used 8883K, capacity 9064K, committed 9344K, reserved 1056768K
  class space    used 996K, capacity 1061K, committed 1152K, reserved 1048576K
}
Event: 1.379 GC heap before
{Heap before GC invocations=5 (full 2):
 PSYoungGen      total 67072K, used 767K [0x0000000740000000, 0x0000000746b00000, 0x00000007c0000000)
  eden space 61952K, 0% used [0x0000000740000000,0x0000000740000000,0x0000000743c80000)
  from space 5120K, 14% used [0x0000000743c80000,0x0000000743d3fce0,0x0000000744180000)
  to   space 5120K, 0% used [0x0000000746600000,0x0000000746600000,0x0000000746b00000)
 ParOldGen       total 185344K, used 169115K [0x0000000640000000, 0x000000064b500000, 0x0000000740000000)
  object space 185344K, 91% used [0x0000000640000000,0x000000064a526f78,0x000000064b500000)
 Metaspace       used 8883K, capacity 9064K, committed 9344K, reserved 1056768K
  class space    used 996K, capacity 1061K, committed 1152K, reserved 1048576K
Event: 1.434 GC heap after
Heap after GC invocations=5 (full 2):
 PSYoungGen      total 67072K, used 0K [0x0000000740000000, 0x0000000746b00000, 0x00000007c0000000)
  eden space 61952K, 0% used [0x0000000740000000,0x0000000740000000,0x0000000743c80000)
  from space 5120K, 0% used [0x0000000743c80000,0x0000000743c80000,0x0000000744180000)
  to   space 5120K, 0% used [0x0000000746600000,0x0000000746600000,0x0000000746b00000)
 ParOldGen       total 296960K, used 169610K [0x0000000640000000, 0x0000000652200000, 0x0000000740000000)
  object space 296960K, 57% used [0x0000000640000000,0x000000064a5a2bd8,0x0000000652200000)
 Metaspace       used 8883K, capacity 9064K, committed 9344K, reserved 1056768K
  class space    used 996K, capacity 1061K, committed 1152K, reserved 1048576K
}

