# JRE version: Java(TM) SE Runtime Environment (8.0_251-b08) (build 1.8.0_251-b08)
# Java VM: Java HotSpot(TM) 64-Bit Server VM (25.251-b08 mixed mode windows-amd64 compressed oops)
Heap:
 PSYoungGen      total 68096K, used 33208K [0x0000000740000000, 0x0000000747b80000, 0x00000007c0000000)
  eden space 62976K, 52% used [0x0000000740000000,0x000000074206e120,0x0000000743d80000)
  from space 5120K, 0% used [0x0000000743d80000,0x0000000743d80000,0x0000000744280000)
  to   space 5120K, 0% used [0x0000000747680000,0x0000000747680000,0x0000000747b80000)
 ParOldGen       total 309760K, used 184662K [0x0000000640000000, 0x0000000652e80000, 0x0000000740000000)
  object space 309760K, 59% used [0x0000000640000000,0x000000064b455820,0x0000000652e80000)
 Metaspace       used 13376K, capacity 13584K, committed 13952K, reserved 1060864K
  class space    used 1719K, capacity 1797K, committed 1920K, reserved 1048576K
GC Heap History (10 events):
Event: 0.572 GC heap before
{Heap before GC invocations=1 (full 0):
 PSYoungGen      total 38400K, used 32435K [0x0000000740000000, 0x0000000742a80000, 0x00000007c0000000)
  eden space 33280K, 97% used [0x0000000740000000,0x0000000741facf88,0x0000000742080000)
  from space 5120K, 0% used [0x0000000742580000,0x0000000742580000,0x0000000742a80000)
  to   space 5120K, 0% used [0x0000000742080000,0x0000000742080000,0x0000000742580000)
 ParOldGen       total 87552K, used 81329K [0x0000000640000000, 0x0000000645580000, 0x0000000740000000)
  object space 87552K, 92% used [0x0000000640000000,0x0000000644f6c470,0x0000000645580000)
 Metaspace       used 7758K, capacity 7912K, committed 8192K, reserved 1056768K
  class space    used 877K, capacity 933K, committed 1024K, reserved 1048576K
Event: 0.581 GC heap after
Heap after GC invocations=1 (full 0):
 PSYoungGen      total 38400K, used 5094K [0x0000000740000000, 0x0000000744b00000, 0x00000007c0000000)
  eden space 33280K, 0% used [0x0000000740000000,0x0000000740000000,0x0000000742080000)
  from space 5120K, 99% used [0x0000000742080000,0x0000000742579930,0x0000000742580000)
  to   space 5120K, 0% used [0x0000000744600000,0x0000000744600000,0x0000000744b00000)
 ParOldGen       total 121344K, used 115685K [0x0000000640000000, 0x0000000647680000, 0x0000000740000000)
  object space 121344K, 95% used [0x0000000640000000,0x00000006470f9720,0x0000000647680000)
 Metaspace       used 7758K, capacity 7912K, committed 8192K, reserved 1056768K
  class space    used 877K, capacity 933K, committed 1024K, reserved 1048576K
}
Event: 0.581 GC heap before
{Heap before GC invocations=2 (full 1):
 PSYoungGen      total 38400K, used 5094K [0x0000000740000000, 0x0000000744b00000, 0x00000007c0000000)
  eden space 33280K, 0% used [0x0000000740000000,0x0000000740000000,0x0000000742080000)
  from space 5120K, 99% used [0x0000000742080000,0x0000000742579930,0x0000000742580000)
  to   space 5120K, 0% used [0x0000000744600000,0x0000000744600000,0x0000000744b00000)
 ParOldGen       total 121344K, used 115685K [0x0000000640000000, 0x0000000647680000, 0x0000000740000000)
  object space 121344K, 95% used [0x0000000640000000,0x00000006470f9720,0x0000000647680000)
 Metaspace       used 7758K, capacity 7912K, committed 8192K, reserved 1056768K
  class space    used 877K, capacity 933K, committed 1024K, reserved 1048576K
Event: 0.596 GC heap after
Heap after GC invocations=2 (full 1):
 PSYoungGen      total 38400K, used 0K [0x0000000740000000, 0x0000000744b00000, 0x00000007c0000000)
  eden space 33280K, 0% used [0x0000000740000000,0x0000000740000000,0x0000000742080000)
  from space 5120K, 0% used [0x0000000742080000,0x0000000742080000,0x0000000742580000)
  to   space 5120K, 0% used [0x0000000744600000,0x0000000744600000,0x0000000744b00000)
 ParOldGen       total 195584K, used 104411K [0x0000000640000000, 0x000000064bf00000, 0x0000000740000000)
  object space 195584K, 53% used [0x0000000640000000,0x00000006465f6ec0,0x000000064bf00000)
 Metaspace       used 7758K, capacity 7912K, committed 8192K, reserved 1056768K
  class space    used 877K, capacity 933K, committed 1024K, reserved 1048576K
}
Event: 0.600 GC heap before
{Heap before GC invocations=3 (full 1):
 PSYoungGen      total 38400K, used 28440K [0x0000000740000000, 0x0000000744b00000, 0x00000007c0000000)
  eden space 33280K, 85% used [0x0000000740000000,0x0000000741bc63e8,0x0000000742080000)
  from space 5120K, 0% used [0x0000000742080000,0x0000000742080000,0x0000000742580000)
  to   space 5120K, 0% used [0x0000000744600000,0x0000000744600000,0x0000000744b00000)
 ParOldGen       total 195584K, used 104411K [0x0000000640000000, 0x000000064bf00000, 0x0000000740000000)
  object space 195584K, 53% used [0x0000000640000000,0x00000006465f6ec0,0x000000064bf00000)
 Metaspace       used 7758K, capacity 7912K, committed 8192K, reserved 1056768K
  class space    used 877K, capacity 933K, committed 1024K, reserved 1048576K
Event: 0.611 GC heap after
Heap after GC invocations=3 (full 1):
 PSYoungGen      total 64512K, used 0K [0x0000000740000000, 0x0000000744780000, 0x00000007c0000000)
  eden space 62976K, 0% used [0x0000000740000000,0x0000000740000000,0x0000000743d80000)
  from space 1536K, 0% used [0x0000000744600000,0x0000000744600000,0x0000000744780000)
  to   space 5120K, 0% used [0x0000000743d80000,0x0000000743d80000,0x0000000744280000)
 ParOldGen       total 195584K, used 131521K [0x0000000640000000, 0x000000064bf00000, 0x0000000740000000)
  object space 195584K, 67% used [0x0000000640000000,0x00000006480705b0,0x000000064bf00000)
 Metaspace       used 7758K, capacity 7912K, committed 8192K, reserved 1056768K
  class space    used 877K, capacity 933K, committed 1024K, reserved 1048576K
}
Event: 1.730 GC heap before
{Heap before GC invocations=4 (full 1):
 PSYoungGen      total 64512K, used 62441K [0x0000000740000000, 0x0000000744780000, 0x00000007c0000000)
  eden space 62976K, 99% used [0x0000000740000000,0x0000000743cfa6e0,0x0000000743d80000)
  from space 1536K, 0% used [0x0000000744600000,0x0000000744600000,0x0000000744780000)
  to   space 5120K, 0% used [0x0000000743d80000,0x0000000743d80000,0x0000000744280000)
 ParOldGen       total 195584K, used 131521K [0x0000000640000000, 0x000000064bf00000, 0x0000000740000000)
  object space 195584K, 67% used [0x0000000640000000,0x00000006480705b0,0x000000064bf00000)
 Metaspace       used 10193K, capacity 10368K, committed 10496K, reserved 1058816K
  class space    used 1188K, capacity 1258K, committed 1280K, reserved 1048576K
Event: 1.750 GC heap after
Heap after GC invocations=4 (full 1):
 PSYoungGen      total 68096K, used 1070K [0x0000000740000000, 0x0000000747b80000, 0x00000007c0000000)
  eden space 62976K, 0% used [0x0000000740000000,0x0000000740000000,0x0000000743d80000)
  from space 5120K, 20% used [0x0000000743d80000,0x0000000743e8ba60,0x0000000744280000)
  to   space 5120K, 0% used [0x0000000747680000,0x0000000747680000,0x0000000747b80000)
 ParOldGen       total 195584K, used 183875K [0x0000000640000000, 0x000000064bf00000, 0x0000000740000000)
  object space 195584K, 94% used [0x0000000640000000,0x000000064b390f00,0x000000064bf00000)
 Metaspace       used 10193K, capacity 10368K, committed 10496K, reserved 1058816K
  class space    used 1188K, capacity 1258K, committed 1280K, reserved 1048576K
}
Event: 1.750 GC heap before
{Heap before GC invocations=5 (full 2):
 PSYoungGen      total 68096K, used 1070K [0x0000000740000000, 0x0000000747b80000, 0x00000007c0000000)
  eden space 62976K, 0% used [0x0000000740000000,0x0000000740000000,0x0000000743d80000)
  from space 5120K, 20% used [0x0000000743d80000,0x0000000743e8ba60,0x0000000744280000)
  to   space 5120K, 0% used [0x0000000747680000,0x0000000747680000,0x0000000747b80000)
 ParOldGen       total 195584K, used 183875K [0x0000000640000000, 0x000000064bf00000, 0x0000000740000000)
  object space 195584K, 94% used [0x0000000640000000,0x000000064b390f00,0x000000064bf00000)
 Metaspace       used 10193K, capacity 10368K, committed 10496K, reserved 1058816K
  class space    used 1188K, capacity 1258K, committed 1280K, reserved 1048576K
Event: 1.815 GC heap after
Heap after GC invocations=5 (full 2):
 PSYoungGen      total 68096K, used 0K [0x0000000740000000, 0x0000000747b80000, 0x00000007c0000000)
  eden space 62976K, 0% used [0x0000000740000000,0x0000000740000000,0x0000000743d80000)
  from space 5120K, 0% used [0x0000000743d80000,0x0000000743d80000,0x0000000744280000)
  to   space 5120K, 0% used [0x0000000747680000,0x0000000747680000,0x0000000747b80000)
 ParOldGen       total 309760K, used 184662K [0x0000000640000000, 0x0000000652e80000, 0x0000000740000000)
  object space 309760K, 59% used [0x0000000640000000,0x000000064b455820,0x0000000652e80000)
 Metaspace       used 10193K, capacity 10368K, committed 10496K, reserved 1058816K
  class space    used 1188K, capacity 1258K, committed 1280K, reserved 1048576K
}

