# JRE version: Java(TM) SE Runtime Environment (8.0_251-b08) (build 1.8.0_251-b08)
# Java VM: Java HotSpot(TM) 64-Bit Server VM (25.251-b08 mixed mode windows-amd64 compressed oops)
Heap:
 PSYoungGen      total 67072K, used 32874K [0x0000000740000000, 0x0000000747780000, 0x00000007c0000000)
  eden space 61952K, 53% used [0x0000000740000000,0x000000074201a9f8,0x0000000743c80000)
  from space 5120K, 0% used [0x0000000743c80000,0x0000000743c80000,0x0000000744180000)
  to   space 5120K, 0% used [0x0000000747280000,0x0000000747280000,0x0000000747780000)
 ParOldGen       total 313856K, used 184660K [0x0000000640000000, 0x0000000653280000, 0x0000000740000000)
  object space 313856K, 58% used [0x0000000640000000,0x000000064b4551a8,0x0000000653280000)
 Metaspace       used 13336K, capacity 13578K, committed 13952K, reserved 1060864K
  class space    used 1711K, capacity 1796K, committed 1920K, reserved 1048576K
GC Heap History (10 events):
Event: 0.588 GC heap before
{Heap before GC invocations=1 (full 0):
 PSYoungGen      total 38400K, used 32435K [0x0000000740000000, 0x0000000742a80000, 0x00000007c0000000)
  eden space 33280K, 97% used [0x0000000740000000,0x0000000741facc70,0x0000000742080000)
  from space 5120K, 0% used [0x0000000742580000,0x0000000742580000,0x0000000742a80000)
  to   space 5120K, 0% used [0x0000000742080000,0x0000000742080000,0x0000000742580000)
 ParOldGen       total 87552K, used 81329K [0x0000000640000000, 0x0000000645580000, 0x0000000740000000)
  object space 87552K, 92% used [0x0000000640000000,0x0000000644f6c470,0x0000000645580000)
 Metaspace       used 7760K, capacity 7912K, committed 8192K, reserved 1056768K
  class space    used 877K, capacity 933K, committed 1024K, reserved 1048576K
Event: 0.601 GC heap after
Heap after GC invocations=1 (full 0):
 PSYoungGen      total 38400K, used 1560K [0x0000000740000000, 0x0000000744b00000, 0x00000007c0000000)
  eden space 33280K, 0% used [0x0000000740000000,0x0000000740000000,0x0000000742080000)
  from space 5120K, 30% used [0x0000000742080000,0x00000007422062c0,0x0000000742580000)
  to   space 5120K, 0% used [0x0000000744600000,0x0000000744600000,0x0000000744b00000)
 ParOldGen       total 121344K, used 119192K [0x0000000640000000, 0x0000000647680000, 0x0000000740000000)
  object space 121344K, 98% used [0x0000000640000000,0x0000000647466020,0x0000000647680000)
 Metaspace       used 7760K, capacity 7912K, committed 8192K, reserved 1056768K
  class space    used 877K, capacity 933K, committed 1024K, reserved 1048576K
}
Event: 0.601 GC heap before
{Heap before GC invocations=2 (full 1):
 PSYoungGen      total 38400K, used 1560K [0x0000000740000000, 0x0000000744b00000, 0x00000007c0000000)
  eden space 33280K, 0% used [0x0000000740000000,0x0000000740000000,0x0000000742080000)
  from space 5120K, 30% used [0x0000000742080000,0x00000007422062c0,0x0000000742580000)
  to   space 5120K, 0% used [0x0000000744600000,0x0000000744600000,0x0000000744b00000)
 ParOldGen       total 121344K, used 119192K [0x0000000640000000, 0x0000000647680000, 0x0000000740000000)
  object space 121344K, 98% used [0x0000000640000000,0x0000000647466020,0x0000000647680000)
 Metaspace       used 7760K, capacity 7912K, committed 8192K, reserved 1056768K
  class space    used 877K, capacity 933K, committed 1024K, reserved 1048576K
Event: 0.618 GC heap after
Heap after GC invocations=2 (full 1):
 PSYoungGen      total 38400K, used 0K [0x0000000740000000, 0x0000000744b00000, 0x00000007c0000000)
  eden space 33280K, 0% used [0x0000000740000000,0x0000000740000000,0x0000000742080000)
  from space 5120K, 0% used [0x0000000742080000,0x0000000742080000,0x0000000742580000)
  to   space 5120K, 0% used [0x0000000744600000,0x0000000744600000,0x0000000744b00000)
 ParOldGen       total 197120K, used 104413K [0x0000000640000000, 0x000000064c080000, 0x0000000740000000)
  object space 197120K, 52% used [0x0000000640000000,0x00000006465f7428,0x000000064c080000)
 Metaspace       used 7760K, capacity 7912K, committed 8192K, reserved 1056768K
  class space    used 877K, capacity 933K, committed 1024K, reserved 1048576K
}
Event: 0.621 GC heap before
{Heap before GC invocations=3 (full 1):
 PSYoungGen      total 38400K, used 28440K [0x0000000740000000, 0x0000000744b00000, 0x00000007c0000000)
  eden space 33280K, 85% used [0x0000000740000000,0x0000000741bc63e8,0x0000000742080000)
  from space 5120K, 0% used [0x0000000742080000,0x0000000742080000,0x0000000742580000)
  to   space 5120K, 0% used [0x0000000744600000,0x0000000744600000,0x0000000744b00000)
 ParOldGen       total 197120K, used 104413K [0x0000000640000000, 0x000000064c080000, 0x0000000740000000)
  object space 197120K, 52% used [0x0000000640000000,0x00000006465f7428,0x000000064c080000)
 Metaspace       used 7761K, capacity 7912K, committed 8192K, reserved 1056768K
  class space    used 877K, capacity 933K, committed 1024K, reserved 1048576K
Event: 0.630 GC heap after
Heap after GC invocations=3 (full 1):
 PSYoungGen      total 62464K, used 0K [0x0000000740000000, 0x0000000744680000, 0x00000007c0000000)
  eden space 61952K, 0% used [0x0000000740000000,0x0000000740000000,0x0000000743c80000)
  from space 512K, 0% used [0x0000000744600000,0x0000000744600000,0x0000000744680000)
  to   space 5120K, 0% used [0x0000000743c80000,0x0000000743c80000,0x0000000744180000)
 ParOldGen       total 197120K, used 131522K [0x0000000640000000, 0x000000064c080000, 0x0000000740000000)
  object space 197120K, 66% used [0x0000000640000000,0x0000000648070b18,0x000000064c080000)
 Metaspace       used 7761K, capacity 7912K, committed 8192K, reserved 1056768K
  class space    used 877K, capacity 933K, committed 1024K, reserved 1048576K
}
Event: 1.386 GC heap before
{Heap before GC invocations=4 (full 1):
 PSYoungGen      total 62464K, used 61017K [0x0000000740000000, 0x0000000744680000, 0x00000007c0000000)
  eden space 61952K, 98% used [0x0000000740000000,0x0000000743b96520,0x0000000743c80000)
  from space 512K, 0% used [0x0000000744600000,0x0000000744600000,0x0000000744680000)
  to   space 5120K, 0% used [0x0000000743c80000,0x0000000743c80000,0x0000000744180000)
 ParOldGen       total 197120K, used 131522K [0x0000000640000000, 0x000000064c080000, 0x0000000740000000)
  object space 197120K, 66% used [0x0000000640000000,0x0000000648070b18,0x000000064c080000)
 Metaspace       used 10156K, capacity 10368K, committed 10496K, reserved 1058816K
  class space    used 1181K, capacity 1258K, committed 1280K, reserved 1048576K
Event: 1.403 GC heap after
Heap after GC invocations=4 (full 1):
 PSYoungGen      total 67072K, used 1038K [0x0000000740000000, 0x0000000747780000, 0x00000007c0000000)
  eden space 61952K, 0% used [0x0000000740000000,0x0000000740000000,0x0000000743c80000)
  from space 5120K, 20% used [0x0000000743c80000,0x0000000743d83a60,0x0000000744180000)
  to   space 5120K, 0% used [0x0000000747280000,0x0000000747280000,0x0000000747780000)
 ParOldGen       total 197120K, used 183877K [0x0000000640000000, 0x000000064c080000, 0x0000000740000000)
  object space 197120K, 93% used [0x0000000640000000,0x000000064b391468,0x000000064c080000)
 Metaspace       used 10156K, capacity 10368K, committed 10496K, reserved 1058816K
  class space    used 1181K, capacity 1258K, committed 1280K, reserved 1048576K
}
Event: 1.403 GC heap before
{Heap before GC invocations=5 (full 2):
 PSYoungGen      total 67072K, used 1038K [0x0000000740000000, 0x0000000747780000, 0x00000007c0000000)
  eden space 61952K, 0% used [0x0000000740000000,0x0000000740000000,0x0000000743c80000)
  from space 5120K, 20% used [0x0000000743c80000,0x0000000743d83a60,0x0000000744180000)
  to   space 5120K, 0% used [0x0000000747280000,0x0000000747280000,0x0000000747780000)
 ParOldGen       total 197120K, used 183877K [0x0000000640000000, 0x000000064c080000, 0x0000000740000000)
  object space 197120K, 93% used [0x0000000640000000,0x000000064b391468,0x000000064c080000)
 Metaspace       used 10156K, capacity 10368K, committed 10496K, reserved 1058816K
  class space    used 1181K, capacity 1258K, committed 1280K, reserved 1048576K
Event: 1.470 GC heap after
Heap after GC invocations=5 (full 2):
 PSYoungGen      total 67072K, used 0K [0x0000000740000000, 0x0000000747780000, 0x00000007c0000000)
  eden space 61952K, 0% used [0x0000000740000000,0x0000000740000000,0x0000000743c80000)
  from space 5120K, 0% used [0x0000000743c80000,0x0000000743c80000,0x0000000744180000)
  to   space 5120K, 0% used [0x0000000747280000,0x0000000747280000,0x0000000747780000)
 ParOldGen       total 313856K, used 184660K [0x0000000640000000, 0x0000000653280000, 0x0000000740000000)
  object space 313856K, 58% used [0x0000000640000000,0x000000064b4551a8,0x0000000653280000)
 Metaspace       used 10156K, capacity 10368K, committed 10496K, reserved 1058816K
  class space    used 1181K, capacity 1258K, committed 1280K, reserved 1048576K
}

