# JRE version: Java(TM) SE Runtime Environment (8.0_251-b08) (build 1.8.0_251-b08)
# Java VM: Java HotSpot(TM) 64-Bit Server VM (25.251-b08 mixed mode windows-amd64 compressed oops)
Heap:
 PSYoungGen      total 67584K, used 33140K [0x0000000740000000, 0x0000000747a00000, 0x00000007c0000000)
  eden space 62464K, 53% used [0x0000000740000000,0x000000074205d080,0x0000000743d00000)
  from space 5120K, 0% used [0x0000000743d00000,0x0000000743d00000,0x0000000744200000)
  to   space 5120K, 0% used [0x0000000747500000,0x0000000747500000,0x0000000747a00000)
 ParOldGen       total 314368K, used 184662K [0x0000000640000000, 0x0000000653300000, 0x0000000740000000)
  object space 314368K, 58% used [0x0000000640000000,0x000000064b455838,0x0000000653300000)
 Metaspace       used 13352K, capacity 13584K, committed 13952K, reserved 1060864K
  class space    used 1717K, capacity 1797K, committed 1920K, reserved 1048576K
GC Heap History (10 events):
Event: 0.706 GC heap before
{Heap before GC invocations=1 (full 0):
 PSYoungGen      total 38400K, used 32435K [0x0000000740000000, 0x0000000742a80000, 0x00000007c0000000)
  eden space 33280K, 97% used [0x0000000740000000,0x0000000741facf88,0x0000000742080000)
  from space 5120K, 0% used [0x0000000742580000,0x0000000742580000,0x0000000742a80000)
  to   space 5120K, 0% used [0x0000000742080000,0x0000000742080000,0x0000000742580000)
 ParOldGen       total 87552K, used 81329K [0x0000000640000000, 0x0000000645580000, 0x0000000740000000)
  object space 87552K, 92% used [0x0000000640000000,0x0000000644f6c470,0x0000000645580000)
 Metaspace       used 7776K, capacity 7912K, committed 8192K, reserved 1056768K
  class space    used 877K, capacity 933K, committed 1024K, reserved 1048576K
Event: 0.716 GC heap after
Heap after GC invocations=1 (full 0):
 PSYoungGen      total 38400K, used 5094K [0x0000000740000000, 0x0000000744b00000, 0x00000007c0000000)
  eden space 33280K, 0% used [0x0000000740000000,0x0000000740000000,0x0000000742080000)
  from space 5120K, 99% used [0x0000000742080000,0x0000000742579930,0x0000000742580000)
  to   space 5120K, 0% used [0x0000000744600000,0x0000000744600000,0x0000000744b00000)
 ParOldGen       total 121344K, used 115610K [0x0000000640000000, 0x0000000647680000, 0x0000000740000000)
  object space 121344K, 95% used [0x0000000640000000,0x00000006470e6a50,0x0000000647680000)
 Metaspace       used 7776K, capacity 7912K, committed 8192K, reserved 1056768K
  class space    used 877K, capacity 933K, committed 1024K, reserved 1048576K
}
Event: 0.716 GC heap before
{Heap before GC invocations=2 (full 1):
 PSYoungGen      total 38400K, used 5094K [0x0000000740000000, 0x0000000744b00000, 0x00000007c0000000)
  eden space 33280K, 0% used [0x0000000740000000,0x0000000740000000,0x0000000742080000)
  from space 5120K, 99% used [0x0000000742080000,0x0000000742579930,0x0000000742580000)
  to   space 5120K, 0% used [0x0000000744600000,0x0000000744600000,0x0000000744b00000)
 ParOldGen       total 121344K, used 115610K [0x0000000640000000, 0x0000000647680000, 0x0000000740000000)
  object space 121344K, 95% used [0x0000000640000000,0x00000006470e6a50,0x0000000647680000)
 Metaspace       used 7776K, capacity 7912K, committed 8192K, reserved 1056768K
  class space    used 877K, capacity 933K, committed 1024K, reserved 1048576K
Event: 0.734 GC heap after
Heap after GC invocations=2 (full 1):
 PSYoungGen      total 38400K, used 0K [0x0000000740000000, 0x0000000744b00000, 0x00000007c0000000)
  eden space 33280K, 0% used [0x0000000740000000,0x0000000740000000,0x0000000742080000)
  from space 5120K, 0% used [0x0000000742080000,0x0000000742080000,0x0000000742580000)
  to   space 5120K, 0% used [0x0000000744600000,0x0000000744600000,0x0000000744b00000)
 ParOldGen       total 196608K, used 104415K [0x0000000640000000, 0x000000064c000000, 0x0000000740000000)
  object space 196608K, 53% used [0x0000000640000000,0x00000006465f7ee0,0x000000064c000000)
 Metaspace       used 7776K, capacity 7912K, committed 8192K, reserved 1056768K
  class space    used 877K, capacity 933K, committed 1024K, reserved 1048576K
}
Event: 0.737 GC heap before
{Heap before GC invocations=3 (full 1):
 PSYoungGen      total 38400K, used 28440K [0x0000000740000000, 0x0000000744b00000, 0x00000007c0000000)
  eden space 33280K, 85% used [0x0000000740000000,0x0000000741bc63e8,0x0000000742080000)
  from space 5120K, 0% used [0x0000000742080000,0x0000000742080000,0x0000000742580000)
  to   space 5120K, 0% used [0x0000000744600000,0x0000000744600000,0x0000000744b00000)
 ParOldGen       total 196608K, used 104415K [0x0000000640000000, 0x000000064c000000, 0x0000000740000000)
  object space 196608K, 53% used [0x0000000640000000,0x00000006465f7ee0,0x000000064c000000)
 Metaspace       used 7777K, capacity 7912K, committed 8192K, reserved 1056768K
  class space    used 877K, capacity 933K, committed 1024K, reserved 1048576K
Event: 0.747 GC heap after
Heap after GC invocations=3 (full 1):
 PSYoungGen      total 63488K, used 0K [0x0000000740000000, 0x0000000744700000, 0x00000007c0000000)
  eden space 62464K, 0% used [0x0000000740000000,0x0000000740000000,0x0000000743d00000)
  from space 1024K, 0% used [0x0000000744600000,0x0000000744600000,0x0000000744700000)
  to   space 5120K, 0% used [0x0000000743d00000,0x0000000743d00000,0x0000000744200000)
 ParOldGen       total 196608K, used 131525K [0x0000000640000000, 0x000000064c000000, 0x0000000740000000)
  object space 196608K, 66% used [0x0000000640000000,0x00000006480715d0,0x000000064c000000)
 Metaspace       used 7777K, capacity 7912K, committed 8192K, reserved 1056768K
  class space    used 877K, capacity 933K, committed 1024K, reserved 1048576K
}
Event: 1.608 GC heap before
{Heap before GC invocations=4 (full 1):
 PSYoungGen      total 63488K, used 61094K [0x0000000740000000, 0x0000000744700000, 0x00000007c0000000)
  eden space 62464K, 97% used [0x0000000740000000,0x0000000743ba9800,0x0000000743d00000)
  from space 1024K, 0% used [0x0000000744600000,0x0000000744600000,0x0000000744700000)
  to   space 5120K, 0% used [0x0000000743d00000,0x0000000743d00000,0x0000000744200000)
 ParOldGen       total 196608K, used 131525K [0x0000000640000000, 0x000000064c000000, 0x0000000740000000)
  object space 196608K, 66% used [0x0000000640000000,0x00000006480715d0,0x000000064c000000)
 Metaspace       used 10200K, capacity 10432K, committed 10752K, reserved 1058816K
  class space    used 1187K, capacity 1258K, committed 1280K, reserved 1048576K
Event: 1.630 GC heap after
Heap after GC invocations=4 (full 1):
 PSYoungGen      total 67584K, used 1038K [0x0000000740000000, 0x0000000747a00000, 0x00000007c0000000)
  eden space 62464K, 0% used [0x0000000740000000,0x0000000740000000,0x0000000743d00000)
  from space 5120K, 20% used [0x0000000743d00000,0x0000000743e03a60,0x0000000744200000)
  to   space 5120K, 0% used [0x0000000747500000,0x0000000747500000,0x0000000747a00000)
 ParOldGen       total 196608K, used 183879K [0x0000000640000000, 0x000000064c000000, 0x0000000740000000)
  object space 196608K, 93% used [0x0000000640000000,0x000000064b391f20,0x000000064c000000)
 Metaspace       used 10200K, capacity 10432K, committed 10752K, reserved 1058816K
  class space    used 1187K, capacity 1258K, committed 1280K, reserved 1048576K
}
Event: 1.630 GC heap before
{Heap before GC invocations=5 (full 2):
 PSYoungGen      total 67584K, used 1038K [0x0000000740000000, 0x0000000747a00000, 0x00000007c0000000)
  eden space 62464K, 0% used [0x0000000740000000,0x0000000740000000,0x0000000743d00000)
  from space 5120K, 20% used [0x0000000743d00000,0x0000000743e03a60,0x0000000744200000)
  to   space 5120K, 0% used [0x0000000747500000,0x0000000747500000,0x0000000747a00000)
 ParOldGen       total 196608K, used 183879K [0x0000000640000000, 0x000000064c000000, 0x0000000740000000)
  object space 196608K, 93% used [0x0000000640000000,0x000000064b391f20,0x000000064c000000)
 Metaspace       used 10200K, capacity 10432K, committed 10752K, reserved 1058816K
  class space    used 1187K, capacity 1258K, committed 1280K, reserved 1048576K
Event: 1.697 GC heap after
Heap after GC invocations=5 (full 2):
 PSYoungGen      total 67584K, used 0K [0x0000000740000000, 0x0000000747a00000, 0x00000007c0000000)
  eden space 62464K, 0% used [0x0000000740000000,0x0000000740000000,0x0000000743d00000)
  from space 5120K, 0% used [0x0000000743d00000,0x0000000743d00000,0x0000000744200000)
  to   space 5120K, 0% used [0x0000000747500000,0x0000000747500000,0x0000000747a00000)
 ParOldGen       total 314368K, used 184662K [0x0000000640000000, 0x0000000653300000, 0x0000000740000000)
  object space 314368K, 58% used [0x0000000640000000,0x000000064b455838,0x0000000653300000)
 Metaspace       used 10200K, capacity 10432K, committed 10752K, reserved 1058816K
  class space    used 1187K, capacity 1258K, committed 1280K, reserved 1048576K
}

