# JRE version: Java(TM) SE Runtime Environment (8.0_251-b08) (build 1.8.0_251-b08)
# Java VM: Java HotSpot(TM) 64-Bit Server VM (25.251-b08 mixed mode windows-amd64 compressed oops)
Heap:
 PSYoungGen      total 67072K, used 35523K [0x0000000740000000, 0x0000000746f80000, 0x00000007c0000000)
  eden space 61952K, 57% used [0x0000000740000000,0x00000007422b0c38,0x0000000743c80000)
  from space 5120K, 0% used [0x0000000743c80000,0x0000000743c80000,0x0000000744180000)
  to   space 5120K, 0% used [0x0000000746a80000,0x0000000746a80000,0x0000000746f80000)
 ParOldGen       total 315904K, used 184620K [0x0000000640000000, 0x0000000653480000, 0x0000000740000000)
  object space 315904K, 58% used [0x0000000640000000,0x000000064b44b190,0x0000000653480000)
 Metaspace       used 13363K, capacity 13584K, committed 13952K, reserved 1060864K
  class space    used 1719K, capacity 1797K, committed 1920K, reserved 1048576K
GC Heap History (10 events):
Event: 0.554 GC heap before
{Heap before GC invocations=1 (full 0):
 PSYoungGen      total 38400K, used 32435K [0x0000000740000000, 0x0000000742a80000, 0x00000007c0000000)
  eden space 33280K, 97% used [0x0000000740000000,0x0000000741facc90,0x0000000742080000)
  from space 5120K, 0% used [0x0000000742580000,0x0000000742580000,0x0000000742a80000)
  to   space 5120K, 0% used [0x0000000742080000,0x0000000742080000,0x0000000742580000)
 ParOldGen       total 87552K, used 81329K [0x0000000640000000, 0x0000000645580000, 0x0000000740000000)
  object space 87552K, 92% used [0x0000000640000000,0x0000000644f6c470,0x0000000645580000)
 Metaspace       used 7758K, capacity 7912K, committed 8192K, reserved 1056768K
  class space    used 877K, capacity 933K, committed 1024K, reserved 1048576K
Event: 0.570 GC heap after
Heap after GC invocations=1 (full 0):
 PSYoungGen      total 38400K, used 1512K [0x0000000740000000, 0x0000000744b00000, 0x00000007c0000000)
  eden space 33280K, 0% used [0x0000000740000000,0x0000000740000000,0x0000000742080000)
  from space 5120K, 29% used [0x0000000742080000,0x00000007421fa2b0,0x0000000742580000)
  to   space 5120K, 0% used [0x0000000744600000,0x0000000744600000,0x0000000744b00000)
 ParOldGen       total 121344K, used 119192K [0x0000000640000000, 0x0000000647680000, 0x0000000740000000)
  object space 121344K, 98% used [0x0000000640000000,0x0000000647466020,0x0000000647680000)
 Metaspace       used 7758K, capacity 7912K, committed 8192K, reserved 1056768K
  class space    used 877K, capacity 933K, committed 1024K, reserved 1048576K
}
Event: 0.570 GC heap before
{Heap before GC invocations=2 (full 1):
 PSYoungGen      total 38400K, used 1512K [0x0000000740000000, 0x0000000744b00000, 0x00000007c0000000)
  eden space 33280K, 0% used [0x0000000740000000,0x0000000740000000,0x0000000742080000)
  from space 5120K, 29% used [0x0000000742080000,0x00000007421fa2b0,0x0000000742580000)
  to   space 5120K, 0% used [0x0000000744600000,0x0000000744600000,0x0000000744b00000)
 ParOldGen       total 121344K, used 119192K [0x0000000640000000, 0x0000000647680000, 0x0000000740000000)
  object space 121344K, 98% used [0x0000000640000000,0x0000000647466020,0x0000000647680000)
 Metaspace       used 7758K, capacity 7912K, committed 8192K, reserved 1056768K
  class space    used 877K, capacity 933K, committed 1024K, reserved 1048576K
Event: 0.592 GC heap after
Heap after GC invocations=2 (full 1):
 PSYoungGen      total 38400K, used 0K [0x0000000740000000, 0x0000000744b00000, 0x00000007c0000000)
  eden space 33280K, 0% used [0x0000000740000000,0x0000000740000000,0x0000000742080000)
  from space 5120K, 0% used [0x0000000742080000,0x0000000742080000,0x0000000742580000)
  to   space 5120K, 0% used [0x0000000744600000,0x0000000744600000,0x0000000744b00000)
 ParOldGen       total 198656K, used 104412K [0x0000000640000000, 0x000000064c200000, 0x0000000740000000)
  object space 198656K, 52% used [0x0000000640000000,0x00000006465f7268,0x000000064c200000)
 Metaspace       used 7758K, capacity 7912K, committed 8192K, reserved 1056768K
  class space    used 877K, capacity 933K, committed 1024K, reserved 1048576K
}
Event: 0.596 GC heap before
{Heap before GC invocations=3 (full 1):
 PSYoungGen      total 38400K, used 28440K [0x0000000740000000, 0x0000000744b00000, 0x00000007c0000000)
  eden space 33280K, 85% used [0x0000000740000000,0x0000000741bc63e8,0x0000000742080000)
  from space 5120K, 0% used [0x0000000742080000,0x0000000742080000,0x0000000742580000)
  to   space 5120K, 0% used [0x0000000744600000,0x0000000744600000,0x0000000744b00000)
 ParOldGen       total 198656K, used 104412K [0x0000000640000000, 0x000000064c200000, 0x0000000740000000)
  object space 198656K, 52% used [0x0000000640000000,0x00000006465f7268,0x000000064c200000)
 Metaspace       used 7758K, capacity 7912K, committed 8192K, reserved 1056768K
  class space    used 877K, capacity 933K, committed 1024K, reserved 1048576K
Event: 0.605 GC heap after
Heap after GC invocations=3 (full 1):
 PSYoungGen      total 60416K, used 0K [0x0000000740000000, 0x0000000744680000, 0x00000007c0000000)
  eden space 59904K, 0% used [0x0000000740000000,0x0000000740000000,0x0000000743a80000)
  from space 512K, 0% used [0x0000000744600000,0x0000000744600000,0x0000000744680000)
  to   space 5120K, 0% used [0x0000000743c80000,0x0000000743c80000,0x0000000744180000)
 ParOldGen       total 198656K, used 131522K [0x0000000640000000, 0x000000064c200000, 0x0000000740000000)
  object space 198656K, 66% used [0x0000000640000000,0x0000000648070958,0x000000064c200000)
 Metaspace       used 7758K, capacity 7912K, committed 8192K, reserved 1056768K
  class space    used 877K, capacity 933K, committed 1024K, reserved 1048576K
}
Event: 1.523 GC heap before
{Heap before GC invocations=4 (full 1):
 PSYoungGen      total 60416K, used 59904K [0x0000000740000000, 0x0000000744680000, 0x00000007c0000000)
  eden space 59904K, 100% used [0x0000000740000000,0x0000000743a80000,0x0000000743a80000)
  from space 512K, 0% used [0x0000000744600000,0x0000000744600000,0x0000000744680000)
  to   space 5120K, 0% used [0x0000000743c80000,0x0000000743c80000,0x0000000744180000)
 ParOldGen       total 198656K, used 131522K [0x0000000640000000, 0x000000064c200000, 0x0000000740000000)
  object space 198656K, 66% used [0x0000000640000000,0x0000000648070958,0x000000064c200000)
 Metaspace       used 9861K, capacity 10074K, committed 10240K, reserved 1058816K
  class space    used 1137K, capacity 1225K, committed 1280K, reserved 1048576K
Event: 1.542 GC heap after
Heap after GC invocations=4 (full 1):
 PSYoungGen      total 67072K, used 1006K [0x0000000740000000, 0x0000000746f80000, 0x00000007c0000000)
  eden space 61952K, 0% used [0x0000000740000000,0x0000000740000000,0x0000000743c80000)
  from space 5120K, 19% used [0x0000000743c80000,0x0000000743d7ba60,0x0000000744180000)
  to   space 5120K, 0% used [0x0000000746a80000,0x0000000746a80000,0x0000000746f80000)
 ParOldGen       total 198656K, used 183876K [0x0000000640000000, 0x000000064c200000, 0x0000000740000000)
  object space 198656K, 92% used [0x0000000640000000,0x000000064b3912a8,0x000000064c200000)
 Metaspace       used 9861K, capacity 10074K, committed 10240K, reserved 1058816K
  class space    used 1137K, capacity 1225K, committed 1280K, reserved 1048576K
}
Event: 1.542 GC heap before
{Heap before GC invocations=5 (full 2):
 PSYoungGen      total 67072K, used 1006K [0x0000000740000000, 0x0000000746f80000, 0x00000007c0000000)
  eden space 61952K, 0% used [0x0000000740000000,0x0000000740000000,0x0000000743c80000)
  from space 5120K, 19% used [0x0000000743c80000,0x0000000743d7ba60,0x0000000744180000)
  to   space 5120K, 0% used [0x0000000746a80000,0x0000000746a80000,0x0000000746f80000)
 ParOldGen       total 198656K, used 183876K [0x0000000640000000, 0x000000064c200000, 0x0000000740000000)
  object space 198656K, 92% used [0x0000000640000000,0x000000064b3912a8,0x000000064c200000)
 Metaspace       used 9861K, capacity 10074K, committed 10240K, reserved 1058816K
  class space    used 1137K, capacity 1225K, committed 1280K, reserved 1048576K
Event: 1.603 GC heap after
Heap after GC invocations=5 (full 2):
 PSYoungGen      total 67072K, used 0K [0x0000000740000000, 0x0000000746f80000, 0x00000007c0000000)
  eden space 61952K, 0% used [0x0000000740000000,0x0000000740000000,0x0000000743c80000)
  from space 5120K, 0% used [0x0000000743c80000,0x0000000743c80000,0x0000000744180000)
  to   space 5120K, 0% used [0x0000000746a80000,0x0000000746a80000,0x0000000746f80000)
 ParOldGen       total 315904K, used 184620K [0x0000000640000000, 0x0000000653480000, 0x0000000740000000)
  object space 315904K, 58% used [0x0000000640000000,0x000000064b44b190,0x0000000653480000)
 Metaspace       used 9861K, capacity 10074K, committed 10240K, reserved 1058816K
  class space    used 1137K, capacity 1225K, committed 1280K, reserved 1048576K
}

