# JRE version: Java(TM) SE Runtime Environment (8.0_251-b08) (build 1.8.0_251-b08)
# Java VM: Java HotSpot(TM) 64-Bit Server VM (25.251-b08 mixed mode windows-amd64 compressed oops)
Heap:
 PSYoungGen      total 68608K, used 35402K [0x0000000740000000, 0x0000000747d80000, 0x00000007c0000000)
  eden space 63488K, 55% used [0x0000000740000000,0x0000000742292b88,0x0000000743e00000)
  from space 5120K, 0% used [0x0000000743e00000,0x0000000743e00000,0x0000000744300000)
  to   space 5120K, 0% used [0x0000000747880000,0x0000000747880000,0x0000000747d80000)
 ParOldGen       total 307712K, used 184661K [0x0000000640000000, 0x0000000652c80000, 0x0000000740000000)
  object space 307712K, 60% used [0x0000000640000000,0x000000064b455690,0x0000000652c80000)
 Metaspace       used 13372K, capacity 13602K, committed 13952K, reserved 1060864K
  class space    used 1721K, capacity 1800K, committed 1920K, reserved 1048576K
GC Heap History (10 events):
Event: 0.909 GC heap before
{Heap before GC invocations=1 (full 0):
 PSYoungGen      total 38400K, used 32437K [0x0000000740000000, 0x0000000742a80000, 0x00000007c0000000)
  eden space 33280K, 97% used [0x0000000740000000,0x0000000741fad448,0x0000000742080000)
  from space 5120K, 0% used [0x0000000742580000,0x0000000742580000,0x0000000742a80000)
  to   space 5120K, 0% used [0x0000000742080000,0x0000000742080000,0x0000000742580000)
 ParOldGen       total 87552K, used 81329K [0x0000000640000000, 0x0000000645580000, 0x0000000740000000)
  object space 87552K, 92% used [0x0000000640000000,0x0000000644f6c470,0x0000000645580000)
 Metaspace       used 7778K, capacity 7912K, committed 8192K, reserved 1056768K
  class space    used 877K, capacity 933K, committed 1024K, reserved 1048576K
Event: 0.922 GC heap after
Heap after GC invocations=1 (full 0):
 PSYoungGen      total 38400K, used 5094K [0x0000000740000000, 0x0000000744b00000, 0x00000007c0000000)
  eden space 33280K, 0% used [0x0000000740000000,0x0000000740000000,0x0000000742080000)
  from space 5120K, 99% used [0x0000000742080000,0x0000000742579930,0x0000000742580000)
  to   space 5120K, 0% used [0x0000000744600000,0x0000000744600000,0x0000000744b00000)
 ParOldGen       total 121344K, used 115589K [0x0000000640000000, 0x0000000647680000, 0x0000000740000000)
  object space 121344K, 95% used [0x0000000640000000,0x00000006470e1720,0x0000000647680000)
 Metaspace       used 7778K, capacity 7912K, committed 8192K, reserved 1056768K
  class space    used 877K, capacity 933K, committed 1024K, reserved 1048576K
}
Event: 0.922 GC heap before
{Heap before GC invocations=2 (full 1):
 PSYoungGen      total 38400K, used 5094K [0x0000000740000000, 0x0000000744b00000, 0x00000007c0000000)
  eden space 33280K, 0% used [0x0000000740000000,0x0000000740000000,0x0000000742080000)
  from space 5120K, 99% used [0x0000000742080000,0x0000000742579930,0x0000000742580000)
  to   space 5120K, 0% used [0x0000000744600000,0x0000000744600000,0x0000000744b00000)
 ParOldGen       total 121344K, used 115589K [0x0000000640000000, 0x0000000647680000, 0x0000000740000000)
  object space 121344K, 95% used [0x0000000640000000,0x00000006470e1720,0x0000000647680000)
 Metaspace       used 7778K, capacity 7912K, committed 8192K, reserved 1056768K
  class space    used 877K, capacity 933K, committed 1024K, reserved 1048576K
Event: 0.938 GC heap after
Heap after GC invocations=2 (full 1):
 PSYoungGen      total 38400K, used 0K [0x0000000740000000, 0x0000000744b00000, 0x00000007c0000000)
  eden space 33280K, 0% used [0x0000000740000000,0x0000000740000000,0x0000000742080000)
  from space 5120K, 0% used [0x0000000742080000,0x0000000742080000,0x0000000742580000)
  to   space 5120K, 0% used [0x0000000744600000,0x0000000744600000,0x0000000744b00000)
 ParOldGen       total 194048K, used 104419K [0x0000000640000000, 0x000000064bd80000, 0x0000000740000000)
  object space 194048K, 53% used [0x0000000640000000,0x00000006465f8da0,0x000000064bd80000)
 Metaspace       used 7778K, capacity 7912K, committed 8192K, reserved 1056768K
  class space    used 877K, capacity 933K, committed 1024K, reserved 1048576K
}
Event: 0.942 GC heap before
{Heap before GC invocations=3 (full 1):
 PSYoungGen      total 38400K, used 28440K [0x0000000740000000, 0x0000000744b00000, 0x00000007c0000000)
  eden space 33280K, 85% used [0x0000000740000000,0x0000000741bc63e8,0x0000000742080000)
  from space 5120K, 0% used [0x0000000742080000,0x0000000742080000,0x0000000742580000)
  to   space 5120K, 0% used [0x0000000744600000,0x0000000744600000,0x0000000744b00000)
 ParOldGen       total 194048K, used 104419K [0x0000000640000000, 0x000000064bd80000, 0x0000000740000000)
  object space 194048K, 53% used [0x0000000640000000,0x00000006465f8da0,0x000000064bd80000)
 Metaspace       used 7778K, capacity 7912K, committed 8192K, reserved 1056768K
  class space    used 877K, capacity 933K, committed 1024K, reserved 1048576K
Event: 0.951 GC heap after
Heap after GC invocations=3 (full 1):
 PSYoungGen      total 65536K, used 0K [0x0000000740000000, 0x0000000744800000, 0x00000007c0000000)
  eden space 63488K, 0% used [0x0000000740000000,0x0000000740000000,0x0000000743e00000)
  from space 2048K, 0% used [0x0000000744600000,0x0000000744600000,0x0000000744800000)
  to   space 5120K, 0% used [0x0000000743e00000,0x0000000743e00000,0x0000000744300000)
 ParOldGen       total 194048K, used 131529K [0x0000000640000000, 0x000000064bd80000, 0x0000000740000000)
  object space 194048K, 67% used [0x0000000640000000,0x0000000648072490,0x000000064bd80000)
 Metaspace       used 7778K, capacity 7912K, committed 8192K, reserved 1056768K
  class space    used 877K, capacity 933K, committed 1024K, reserved 1048576K
}
Event: 2.398 GC heap before
{Heap before GC invocations=4 (full 1):
 PSYoungGen      total 65536K, used 61857K [0x0000000740000000, 0x0000000744800000, 0x00000007c0000000)
  eden space 63488K, 97% used [0x0000000740000000,0x0000000743c685c8,0x0000000743e00000)
  from space 2048K, 0% used [0x0000000744600000,0x0000000744600000,0x0000000744800000)
  to   space 5120K, 0% used [0x0000000743e00000,0x0000000743e00000,0x0000000744300000)
 ParOldGen       total 194048K, used 131529K [0x0000000640000000, 0x000000064bd80000, 0x0000000740000000)
  object space 194048K, 67% used [0x0000000640000000,0x0000000648072490,0x000000064bd80000)
 Metaspace       used 10165K, capacity 10368K, committed 10496K, reserved 1058816K
  class space    used 1181K, capacity 1258K, committed 1280K, reserved 1048576K
Event: 2.422 GC heap after
Heap after GC invocations=4 (full 1):
 PSYoungGen      total 68608K, used 1055K [0x0000000740000000, 0x0000000747d80000, 0x00000007c0000000)
  eden space 63488K, 0% used [0x0000000740000000,0x0000000740000000,0x0000000743e00000)
  from space 5120K, 20% used [0x0000000743e00000,0x0000000743f07ce0,0x0000000744300000)
  to   space 5120K, 0% used [0x0000000747880000,0x0000000747880000,0x0000000747d80000)
 ParOldGen       total 194048K, used 183883K [0x0000000640000000, 0x000000064bd80000, 0x0000000740000000)
  object space 194048K, 94% used [0x0000000640000000,0x000000064b392de0,0x000000064bd80000)
 Metaspace       used 10165K, capacity 10368K, committed 10496K, reserved 1058816K
  class space    used 1181K, capacity 1258K, committed 1280K, reserved 1048576K
}
Event: 2.423 GC heap before
{Heap before GC invocations=5 (full 2):
 PSYoungGen      total 68608K, used 1055K [0x0000000740000000, 0x0000000747d80000, 0x00000007c0000000)
  eden space 63488K, 0% used [0x0000000740000000,0x0000000740000000,0x0000000743e00000)
  from space 5120K, 20% used [0x0000000743e00000,0x0000000743f07ce0,0x0000000744300000)
  to   space 5120K, 0% used [0x0000000747880000,0x0000000747880000,0x0000000747d80000)
 ParOldGen       total 194048K, used 183883K [0x0000000640000000, 0x000000064bd80000, 0x0000000740000000)
  object space 194048K, 94% used [0x0000000640000000,0x000000064b392de0,0x000000064bd80000)
 Metaspace       used 10165K, capacity 10368K, committed 10496K, reserved 1058816K
  class space    used 1181K, capacity 1258K, committed 1280K, reserved 1048576K
Event: 2.499 GC heap after
Heap after GC invocations=5 (full 2):
 PSYoungGen      total 68608K, used 0K [0x0000000740000000, 0x0000000747d80000, 0x00000007c0000000)
  eden space 63488K, 0% used [0x0000000740000000,0x0000000740000000,0x0000000743e00000)
  from space 5120K, 0% used [0x0000000743e00000,0x0000000743e00000,0x0000000744300000)
  to   space 5120K, 0% used [0x0000000747880000,0x0000000747880000,0x0000000747d80000)
 ParOldGen       total 307712K, used 184661K [0x0000000640000000, 0x0000000652c80000, 0x0000000740000000)
  object space 307712K, 60% used [0x0000000640000000,0x000000064b455690,0x0000000652c80000)
 Metaspace       used 10165K, capacity 10368K, committed 10496K, reserved 1058816K
  class space    used 1181K, capacity 1258K, committed 1280K, reserved 1048576K
}

